INFO 2022-01-07 22:36:45,406 Watching for file changes with StatReloader
INFO 2022-01-07 22:36:51,220 "GET / HTTP/1.1" 302 0
INFO 2022-01-07 22:36:51,268 "GET /accounts/login/?next=/ HTTP/1.1" 200 3981
INFO 2022-01-07 22:36:51,300 "GET /static/plugins/fontawesome-free/css/all.min.css HTTP/1.1" 200 58582
INFO 2022-01-07 22:36:51,301 "GET /static/plugins/toastr/toastr.min.css HTTP/1.1" 200 6454
INFO 2022-01-07 22:36:51,307 "GET /static/dist/img/login.png HTTP/1.1" 200 144918
INFO 2022-01-07 22:36:51,311 "GET /static/dist/css/login-page.css HTTP/1.1" 200 9064
INFO 2022-01-07 22:36:51,313 "GET /static/plugins/overlayScrollbars/css/OverlayScrollbars.min.css HTTP/1.1" 200 19736
INFO 2022-01-07 22:36:51,320 "GET /static/dist/css/adminlte.min.css HTTP/1.1" 200 686718
INFO 2022-01-07 22:36:51,325 "GET /static/dist/js/jquery.formset.js HTTP/1.1" 200 13881
INFO 2022-01-07 22:36:51,341 "GET /static/plugins/toastr/toastr.min.js HTTP/1.1" 200 5253
INFO 2022-01-07 22:36:51,342 "GET /static/dist/js/demo.js HTTP/1.1" 200 13042
INFO 2022-01-07 22:36:51,348 "GET /static/dist/js/adminlte.js HTTP/1.1" 200 59416
INFO 2022-01-07 22:36:51,353 "GET /static/plugins/overlayScrollbars/js/jquery.overlayScrollbars.min.js HTTP/1.1" 200 42395
INFO 2022-01-07 22:36:51,355 "GET /static/plugins/jquery/jquery.min.js HTTP/1.1" 200 88147
INFO 2022-01-07 22:36:51,359 "GET /static/plugins/bootstrap/js/bootstrap.bundle.min.js HTTP/1.1" 200 80704
WARNING 2022-01-07 22:36:51,412 Not Found: /favicon.ico
WARNING 2022-01-07 22:36:51,412 "GET /favicon.ico HTTP/1.1" 404 6202
INFO 2022-01-07 22:36:51,909 "GET /accounts/login/?next=/ HTTP/1.1" 200 3981
INFO 2022-01-07 22:36:52,274 "GET /static/plugins/fontawesome-free/webfonts/fa-solid-900.woff2 HTTP/1.1" 200 79444
INFO 2022-01-07 22:36:56,990 "POST /accounts/login/ HTTP/1.1" 302 0
INFO 2022-01-07 22:36:57,139 "GET / HTTP/1.1" 200 9290
INFO 2022-01-07 22:36:57,174 "GET /static/plugins/Datatables/datatables.min.css HTTP/1.1" 200 25807
INFO 2022-01-07 22:36:57,258 "GET /static/plugins/fontawesome-free/webfonts/fa-regular-400.woff2 HTTP/1.1" 200 13584
INFO 2022-01-07 22:36:57,424 "GET /static/plugins/Datatables/datatables.min.js HTTP/1.1" 200 2042927
INFO 2022-01-07 22:37:33,523 "GET /site-config HTTP/1.1" 200 10862
INFO 2022-01-07 22:37:33,559 "GET /static/plugins/fontawesome-free/css/all.min.css HTTP/1.1" 304 0
INFO 2022-01-07 22:37:33,560 "GET /static/plugins/toastr/toastr.min.css HTTP/1.1" 304 0
INFO 2022-01-07 22:37:33,565 "GET /static/plugins/jquery/jquery.min.js HTTP/1.1" 304 0
INFO 2022-01-07 22:37:33,565 "GET /static/dist/js/jquery.formset.js HTTP/1.1" 304 0
INFO 2022-01-07 22:37:33,565 "GET /static/plugins/bootstrap/js/bootstrap.bundle.min.js HTTP/1.1" 304 0
INFO 2022-01-07 22:37:33,566 "GET /static/plugins/Datatables/datatables.min.css HTTP/1.1" 304 0
INFO 2022-01-07 22:37:33,566 "GET /static/dist/css/adminlte.min.css HTTP/1.1" 304 0
INFO 2022-01-07 22:37:33,566 "GET /static/plugins/overlayScrollbars/css/OverlayScrollbars.min.css HTTP/1.1" 304 0
INFO 2022-01-07 22:37:33,571 "GET /static/plugins/toastr/toastr.min.js HTTP/1.1" 304 0
INFO 2022-01-07 22:37:33,572 "GET /static/dist/js/demo.js HTTP/1.1" 304 0
INFO 2022-01-07 22:37:33,572 "GET /static/plugins/Datatables/datatables.min.js HTTP/1.1" 304 0
INFO 2022-01-07 22:37:33,572 "GET /static/dist/js/adminlte.js HTTP/1.1" 304 0
INFO 2022-01-07 22:37:33,572 "GET /static/plugins/overlayScrollbars/js/jquery.overlayScrollbars.min.js HTTP/1.1" 304 0
INFO 2022-01-07 22:38:55,851 "POST /site-config HTTP/1.1" 200 10914
INFO 2022-01-07 22:38:55,884 "GET /static/plugins/fontawesome-free/css/all.min.css HTTP/1.1" 304 0
INFO 2022-01-07 22:38:55,893 "GET /static/dist/js/jquery.formset.js HTTP/1.1" 304 0
INFO 2022-01-07 22:38:55,894 "GET /static/plugins/overlayScrollbars/css/OverlayScrollbars.min.css HTTP/1.1" 304 0
INFO 2022-01-07 22:38:55,895 "GET /static/plugins/jquery/jquery.min.js HTTP/1.1" 304 0
INFO 2022-01-07 22:38:55,895 "GET /static/plugins/Datatables/datatables.min.css HTTP/1.1" 304 0
INFO 2022-01-07 22:38:55,896 "GET /static/plugins/toastr/toastr.min.css HTTP/1.1" 304 0
INFO 2022-01-07 22:38:55,896 "GET /static/dist/css/adminlte.min.css HTTP/1.1" 304 0
INFO 2022-01-07 22:38:55,896 "GET /static/plugins/bootstrap/js/bootstrap.bundle.min.js HTTP/1.1" 304 0
INFO 2022-01-07 22:38:55,899 "GET /static/plugins/toastr/toastr.min.js HTTP/1.1" 304 0
INFO 2022-01-07 22:38:55,900 "GET /static/plugins/overlayScrollbars/js/jquery.overlayScrollbars.min.js HTTP/1.1" 304 0
INFO 2022-01-07 22:38:55,900 "GET /static/dist/js/adminlte.js HTTP/1.1" 304 0
INFO 2022-01-07 22:38:55,901 "GET /static/dist/js/demo.js HTTP/1.1" 304 0
INFO 2022-01-07 22:38:55,901 "GET /static/plugins/Datatables/datatables.min.js HTTP/1.1" 304 0
INFO 2022-01-07 22:38:55,968 "GET /static/plugins/fontawesome-free/webfonts/fa-regular-400.woff2 HTTP/1.1" 304 0
INFO 2022-01-07 22:38:55,968 "GET /static/plugins/fontawesome-free/webfonts/fa-solid-900.woff2 HTTP/1.1" 304 0
INFO 2022-01-07 22:39:00,000 "GET /session/list/ HTTP/1.1" 200 11598
INFO 2022-01-07 22:39:05,317 "GET /session/list/ HTTP/1.1" 200 11598
INFO 2022-01-07 22:39:08,025 "GET /term/list/ HTTP/1.1" 200 12231
INFO 2022-01-07 22:39:17,460 "GET /class/list/ HTTP/1.1" 200 11410
INFO 2022-01-07 22:39:21,176 "GET /result/create/ HTTP/1.1" 200 10386
INFO 2022-01-07 22:39:22,784 "GET /result/edit-results/ HTTP/1.1" 200 10104
INFO 2022-01-07 22:39:24,143 "GET /result/view/all HTTP/1.1" 200 8834
INFO 2022-01-07 22:39:25,534 "GET /result/create/ HTTP/1.1" 200 10386
INFO 2022-01-07 22:39:27,159 "POST /result/create/ HTTP/1.1" 200 10530
INFO 2022-01-07 22:39:31,185 "GET /student/list HTTP/1.1" 200 9946
INFO 2022-01-07 22:39:34,601 "GET /staff/list/ HTTP/1.1" 200 9687
INFO 2022-01-07 22:39:37,434 "GET /student/list HTTP/1.1" 200 9946
INFO 2022-01-07 22:39:40,527 "GET /site-config HTTP/1.1" 200 10862
INFO 2022-01-07 22:39:40,556 "GET /static/plugins/fontawesome-free/css/all.min.css HTTP/1.1" 304 0
INFO 2022-01-07 22:39:40,562 "GET /static/plugins/overlayScrollbars/css/OverlayScrollbars.min.css HTTP/1.1" 304 0
INFO 2022-01-07 22:39:40,563 "GET /static/plugins/toastr/toastr.min.css HTTP/1.1" 304 0
INFO 2022-01-07 22:39:40,567 "GET /static/plugins/Datatables/datatables.min.css HTTP/1.1" 304 0
INFO 2022-01-07 22:39:40,569 "GET /static/dist/css/adminlte.min.css HTTP/1.1" 304 0
INFO 2022-01-07 22:39:40,570 "GET /static/plugins/bootstrap/js/bootstrap.bundle.min.js HTTP/1.1" 304 0
INFO 2022-01-07 22:39:40,570 "GET /static/plugins/toastr/toastr.min.js HTTP/1.1" 304 0
INFO 2022-01-07 22:39:40,570 "GET /static/plugins/jquery/jquery.min.js HTTP/1.1" 304 0
INFO 2022-01-07 22:39:40,571 "GET /static/plugins/overlayScrollbars/js/jquery.overlayScrollbars.min.js HTTP/1.1" 304 0
INFO 2022-01-07 22:39:40,572 "GET /static/dist/js/jquery.formset.js HTTP/1.1" 304 0
INFO 2022-01-07 22:39:40,573 "GET /static/dist/js/adminlte.js HTTP/1.1" 304 0
INFO 2022-01-07 22:39:40,573 "GET /static/dist/js/demo.js HTTP/1.1" 304 0
INFO 2022-01-07 22:39:40,574 "GET /static/plugins/Datatables/datatables.min.js HTTP/1.1" 304 0
INFO 2022-01-07 22:39:58,385 "POST /site-config HTTP/1.1" 200 10884
INFO 2022-01-07 22:40:01,819 "POST /site-config HTTP/1.1" 200 10883
INFO 2022-01-07 22:40:03,260 "POST /site-config HTTP/1.1" 200 10883
INFO 2022-01-07 22:40:04,944 "GET / HTTP/1.1" 200 9290
INFO 2022-01-07 22:40:06,827 "GET /site-config HTTP/1.1" 200 10862
WARNING 2022-01-07 22:44:11,699 The request's session was deleted before the request completed. The user may have logged out in a concurrent request, for example.: /site-config
Traceback (most recent call last):
  File "C:\Users\msi\AppData\Roaming\Python\Python38\site-packages\django\db\backends\utils.py", line 84, in _execute
    return self.cursor.execute(sql, params)
  File "C:\Users\msi\AppData\Roaming\Python\Python38\site-packages\django\db\backends\sqlite3\base.py", line 423, in execute
    return Database.Cursor.execute(self, query, params)
sqlite3.OperationalError: database is locked

The above exception was the direct cause of the following exception:

Traceback (most recent call last):
  File "C:\Users\msi\AppData\Roaming\Python\Python38\site-packages\django\contrib\sessions\backends\db.py", line 87, in save
    obj.save(force_insert=must_create, force_update=not must_create, using=using)
  File "C:\Users\msi\AppData\Roaming\Python\Python38\site-packages\django\db\models\base.py", line 726, in save
    self.save_base(using=using, force_insert=force_insert,
  File "C:\Users\msi\AppData\Roaming\Python\Python38\site-packages\django\db\models\base.py", line 763, in save_base
    updated = self._save_table(
  File "C:\Users\msi\AppData\Roaming\Python\Python38\site-packages\django\db\models\base.py", line 845, in _save_table
    updated = self._do_update(base_qs, using, pk_val, values, update_fields,
  File "C:\Users\msi\AppData\Roaming\Python\Python38\site-packages\django\db\models\base.py", line 899, in _do_update
    return filtered._update(values) > 0
  File "C:\Users\msi\AppData\Roaming\Python\Python38\site-packages\django\db\models\query.py", line 802, in _update
    return query.get_compiler(self.db).execute_sql(CURSOR)
  File "C:\Users\msi\AppData\Roaming\Python\Python38\site-packages\django\db\models\sql\compiler.py", line 1559, in execute_sql
    cursor = super().execute_sql(result_type)
  File "C:\Users\msi\AppData\Roaming\Python\Python38\site-packages\django\db\models\sql\compiler.py", line 1175, in execute_sql
    cursor.execute(sql, params)
  File "C:\Users\msi\AppData\Roaming\Python\Python38\site-packages\django\db\backends\utils.py", line 98, in execute
    return super().execute(sql, params)
  File "C:\Users\msi\AppData\Roaming\Python\Python38\site-packages\django\db\backends\utils.py", line 66, in execute
    return self._execute_with_wrappers(sql, params, many=False, executor=self._execute)
  File "C:\Users\msi\AppData\Roaming\Python\Python38\site-packages\django\db\backends\utils.py", line 75, in _execute_with_wrappers
    return executor(sql, params, many, context)
  File "C:\Users\msi\AppData\Roaming\Python\Python38\site-packages\django\db\backends\utils.py", line 84, in _execute
    return self.cursor.execute(sql, params)
  File "C:\Users\msi\AppData\Roaming\Python\Python38\site-packages\django\db\utils.py", line 90, in __exit__
    raise dj_exc_value.with_traceback(traceback) from exc_value
  File "C:\Users\msi\AppData\Roaming\Python\Python38\site-packages\django\db\backends\utils.py", line 84, in _execute
    return self.cursor.execute(sql, params)
  File "C:\Users\msi\AppData\Roaming\Python\Python38\site-packages\django\db\backends\sqlite3\base.py", line 423, in execute
    return Database.Cursor.execute(self, query, params)
django.db.utils.OperationalError: database is locked

During handling of the above exception, another exception occurred:

Traceback (most recent call last):
  File "C:\Users\msi\AppData\Roaming\Python\Python38\site-packages\django\contrib\sessions\middleware.py", line 61, in process_response
    request.session.save()
  File "C:\Users\msi\AppData\Roaming\Python\Python38\site-packages\django\contrib\sessions\backends\db.py", line 94, in save
    raise UpdateError
django.contrib.sessions.backends.base.UpdateError

During handling of the above exception, another exception occurred:

Traceback (most recent call last):
  File "C:\Users\msi\AppData\Roaming\Python\Python38\site-packages\django\core\handlers\exception.py", line 47, in inner
    response = get_response(request)
  File "C:\Users\msi\AppData\Roaming\Python\Python38\site-packages\django\utils\deprecation.py", line 119, in __call__
    response = self.process_response(request, response)
  File "C:\Users\msi\AppData\Roaming\Python\Python38\site-packages\django\contrib\sessions\middleware.py", line 63, in process_response
    raise SessionInterrupted(
django.contrib.sessions.exceptions.SessionInterrupted: The request's session was deleted before the request completed. The user may have logged out in a concurrent request, for example.
WARNING 2022-01-07 22:44:11,702 "GET /site-config HTTP/1.1" 400 170832
WARNING 2022-01-07 22:44:32,213 The request's session was deleted before the request completed. The user may have logged out in a concurrent request, for example.: /
Traceback (most recent call last):
  File "C:\Users\msi\AppData\Roaming\Python\Python38\site-packages\django\db\backends\utils.py", line 84, in _execute
    return self.cursor.execute(sql, params)
  File "C:\Users\msi\AppData\Roaming\Python\Python38\site-packages\django\db\backends\sqlite3\base.py", line 423, in execute
    return Database.Cursor.execute(self, query, params)
sqlite3.OperationalError: database is locked

The above exception was the direct cause of the following exception:

Traceback (most recent call last):
  File "C:\Users\msi\AppData\Roaming\Python\Python38\site-packages\django\contrib\sessions\backends\db.py", line 87, in save
    obj.save(force_insert=must_create, force_update=not must_create, using=using)
  File "C:\Users\msi\AppData\Roaming\Python\Python38\site-packages\django\db\models\base.py", line 726, in save
    self.save_base(using=using, force_insert=force_insert,
  File "C:\Users\msi\AppData\Roaming\Python\Python38\site-packages\django\db\models\base.py", line 763, in save_base
    updated = self._save_table(
  File "C:\Users\msi\AppData\Roaming\Python\Python38\site-packages\django\db\models\base.py", line 845, in _save_table
    updated = self._do_update(base_qs, using, pk_val, values, update_fields,
  File "C:\Users\msi\AppData\Roaming\Python\Python38\site-packages\django\db\models\base.py", line 899, in _do_update
    return filtered._update(values) > 0
  File "C:\Users\msi\AppData\Roaming\Python\Python38\site-packages\django\db\models\query.py", line 802, in _update
    return query.get_compiler(self.db).execute_sql(CURSOR)
  File "C:\Users\msi\AppData\Roaming\Python\Python38\site-packages\django\db\models\sql\compiler.py", line 1559, in execute_sql
    cursor = super().execute_sql(result_type)
  File "C:\Users\msi\AppData\Roaming\Python\Python38\site-packages\django\db\models\sql\compiler.py", line 1175, in execute_sql
    cursor.execute(sql, params)
  File "C:\Users\msi\AppData\Roaming\Python\Python38\site-packages\django\db\backends\utils.py", line 98, in execute
    return super().execute(sql, params)
  File "C:\Users\msi\AppData\Roaming\Python\Python38\site-packages\django\db\backends\utils.py", line 66, in execute
    return self._execute_with_wrappers(sql, params, many=False, executor=self._execute)
  File "C:\Users\msi\AppData\Roaming\Python\Python38\site-packages\django\db\backends\utils.py", line 75, in _execute_with_wrappers
    return executor(sql, params, many, context)
  File "C:\Users\msi\AppData\Roaming\Python\Python38\site-packages\django\db\backends\utils.py", line 84, in _execute
    return self.cursor.execute(sql, params)
  File "C:\Users\msi\AppData\Roaming\Python\Python38\site-packages\django\db\utils.py", line 90, in __exit__
    raise dj_exc_value.with_traceback(traceback) from exc_value
  File "C:\Users\msi\AppData\Roaming\Python\Python38\site-packages\django\db\backends\utils.py", line 84, in _execute
    return self.cursor.execute(sql, params)
  File "C:\Users\msi\AppData\Roaming\Python\Python38\site-packages\django\db\backends\sqlite3\base.py", line 423, in execute
    return Database.Cursor.execute(self, query, params)
django.db.utils.OperationalError: database is locked

During handling of the above exception, another exception occurred:

Traceback (most recent call last):
  File "C:\Users\msi\AppData\Roaming\Python\Python38\site-packages\django\contrib\sessions\middleware.py", line 61, in process_response
    request.session.save()
  File "C:\Users\msi\AppData\Roaming\Python\Python38\site-packages\django\contrib\sessions\backends\db.py", line 94, in save
    raise UpdateError
django.contrib.sessions.backends.base.UpdateError

During handling of the above exception, another exception occurred:

Traceback (most recent call last):
  File "C:\Users\msi\AppData\Roaming\Python\Python38\site-packages\django\core\handlers\exception.py", line 47, in inner
    response = get_response(request)
  File "C:\Users\msi\AppData\Roaming\Python\Python38\site-packages\django\utils\deprecation.py", line 119, in __call__
    response = self.process_response(request, response)
  File "C:\Users\msi\AppData\Roaming\Python\Python38\site-packages\django\contrib\sessions\middleware.py", line 63, in process_response
    raise SessionInterrupted(
django.contrib.sessions.exceptions.SessionInterrupted: The request's session was deleted before the request completed. The user may have logged out in a concurrent request, for example.
WARNING 2022-01-07 22:44:32,214 "GET / HTTP/1.1" 400 170320
INFO 2022-01-07 22:45:16,018 Watching for file changes with StatReloader
WARNING 2022-01-07 22:45:25,273 The request's session was deleted before the request completed. The user may have logged out in a concurrent request, for example.: /
Traceback (most recent call last):
  File "C:\Users\msi\AppData\Roaming\Python\Python38\site-packages\django\db\backends\utils.py", line 84, in _execute
    return self.cursor.execute(sql, params)
  File "C:\Users\msi\AppData\Roaming\Python\Python38\site-packages\django\db\backends\sqlite3\base.py", line 423, in execute
    return Database.Cursor.execute(self, query, params)
sqlite3.OperationalError: database is locked

The above exception was the direct cause of the following exception:

Traceback (most recent call last):
  File "C:\Users\msi\AppData\Roaming\Python\Python38\site-packages\django\contrib\sessions\backends\db.py", line 87, in save
    obj.save(force_insert=must_create, force_update=not must_create, using=using)
  File "C:\Users\msi\AppData\Roaming\Python\Python38\site-packages\django\db\models\base.py", line 726, in save
    self.save_base(using=using, force_insert=force_insert,
  File "C:\Users\msi\AppData\Roaming\Python\Python38\site-packages\django\db\models\base.py", line 763, in save_base
    updated = self._save_table(
  File "C:\Users\msi\AppData\Roaming\Python\Python38\site-packages\django\db\models\base.py", line 845, in _save_table
    updated = self._do_update(base_qs, using, pk_val, values, update_fields,
  File "C:\Users\msi\AppData\Roaming\Python\Python38\site-packages\django\db\models\base.py", line 899, in _do_update
    return filtered._update(values) > 0
  File "C:\Users\msi\AppData\Roaming\Python\Python38\site-packages\django\db\models\query.py", line 802, in _update
    return query.get_compiler(self.db).execute_sql(CURSOR)
  File "C:\Users\msi\AppData\Roaming\Python\Python38\site-packages\django\db\models\sql\compiler.py", line 1559, in execute_sql
    cursor = super().execute_sql(result_type)
  File "C:\Users\msi\AppData\Roaming\Python\Python38\site-packages\django\db\models\sql\compiler.py", line 1175, in execute_sql
    cursor.execute(sql, params)
  File "C:\Users\msi\AppData\Roaming\Python\Python38\site-packages\django\db\backends\utils.py", line 98, in execute
    return super().execute(sql, params)
  File "C:\Users\msi\AppData\Roaming\Python\Python38\site-packages\django\db\backends\utils.py", line 66, in execute
    return self._execute_with_wrappers(sql, params, many=False, executor=self._execute)
  File "C:\Users\msi\AppData\Roaming\Python\Python38\site-packages\django\db\backends\utils.py", line 75, in _execute_with_wrappers
    return executor(sql, params, many, context)
  File "C:\Users\msi\AppData\Roaming\Python\Python38\site-packages\django\db\backends\utils.py", line 84, in _execute
    return self.cursor.execute(sql, params)
  File "C:\Users\msi\AppData\Roaming\Python\Python38\site-packages\django\db\utils.py", line 90, in __exit__
    raise dj_exc_value.with_traceback(traceback) from exc_value
  File "C:\Users\msi\AppData\Roaming\Python\Python38\site-packages\django\db\backends\utils.py", line 84, in _execute
    return self.cursor.execute(sql, params)
  File "C:\Users\msi\AppData\Roaming\Python\Python38\site-packages\django\db\backends\sqlite3\base.py", line 423, in execute
    return Database.Cursor.execute(self, query, params)
django.db.utils.OperationalError: database is locked

During handling of the above exception, another exception occurred:

Traceback (most recent call last):
  File "C:\Users\msi\AppData\Roaming\Python\Python38\site-packages\django\contrib\sessions\middleware.py", line 61, in process_response
    request.session.save()
  File "C:\Users\msi\AppData\Roaming\Python\Python38\site-packages\django\contrib\sessions\backends\db.py", line 94, in save
    raise UpdateError
django.contrib.sessions.backends.base.UpdateError

During handling of the above exception, another exception occurred:

Traceback (most recent call last):
  File "C:\Users\msi\AppData\Roaming\Python\Python38\site-packages\django\core\handlers\exception.py", line 47, in inner
    response = get_response(request)
  File "C:\Users\msi\AppData\Roaming\Python\Python38\site-packages\django\utils\deprecation.py", line 119, in __call__
    response = self.process_response(request, response)
  File "C:\Users\msi\AppData\Roaming\Python\Python38\site-packages\django\contrib\sessions\middleware.py", line 63, in process_response
    raise SessionInterrupted(
django.contrib.sessions.exceptions.SessionInterrupted: The request's session was deleted before the request completed. The user may have logged out in a concurrent request, for example.
WARNING 2022-01-07 22:45:25,276 "GET / HTTP/1.1" 400 170457
INFO 2022-01-07 22:45:54,293 "GET / HTTP/1.1" 200 9298
INFO 2022-01-07 22:45:54,320 "GET /static/plugins/fontawesome-free/css/all.min.css HTTP/1.1" 304 0
INFO 2022-01-07 22:45:54,321 "GET /static/plugins/toastr/toastr.min.css HTTP/1.1" 304 0
INFO 2022-01-07 22:45:54,327 "GET /static/plugins/Datatables/datatables.min.css HTTP/1.1" 304 0
INFO 2022-01-07 22:45:54,327 "GET /static/dist/js/jquery.formset.js HTTP/1.1" 304 0
INFO 2022-01-07 22:45:54,327 "GET /static/dist/css/adminlte.min.css HTTP/1.1" 304 0
INFO 2022-01-07 22:45:54,328 "GET /static/plugins/bootstrap/js/bootstrap.bundle.min.js HTTP/1.1" 304 0
INFO 2022-01-07 22:45:54,328 "GET /static/plugins/jquery/jquery.min.js HTTP/1.1" 304 0
INFO 2022-01-07 22:45:54,328 "GET /static/plugins/overlayScrollbars/css/OverlayScrollbars.min.css HTTP/1.1" 304 0
INFO 2022-01-07 22:45:54,331 "GET /static/plugins/toastr/toastr.min.js HTTP/1.1" 304 0
INFO 2022-01-07 22:45:54,333 "GET /static/plugins/Datatables/datatables.min.js HTTP/1.1" 304 0
INFO 2022-01-07 22:45:54,333 "GET /static/dist/js/adminlte.js HTTP/1.1" 304 0
INFO 2022-01-07 22:45:54,334 "GET /static/dist/js/demo.js HTTP/1.1" 304 0
INFO 2022-01-07 22:45:54,334 "GET /static/plugins/overlayScrollbars/js/jquery.overlayScrollbars.min.js HTTP/1.1" 304 0
INFO 2022-01-07 22:45:54,376 "GET /static/plugins/fontawesome-free/webfonts/fa-regular-400.woff2 HTTP/1.1" 304 0
INFO 2022-01-07 22:45:54,376 "GET /static/plugins/fontawesome-free/webfonts/fa-solid-900.woff2 HTTP/1.1" 304 0
INFO 2022-01-07 22:45:57,552 "GET /site-config HTTP/1.1" 200 10873
INFO 2022-01-07 22:46:02,685 "GET /session/list/ HTTP/1.1" 200 11606
INFO 2022-01-07 22:46:14,111 "POST /session/create/ HTTP/1.1" 302 0
INFO 2022-01-07 22:46:14,236 "GET /session/list/ HTTP/1.1" 200 12094
INFO 2022-01-07 22:46:18,694 "GET /student/list HTTP/1.1" 200 9954
INFO 2022-01-07 22:46:27,103 "GET /accounts/logout/ HTTP/1.1" 302 0
INFO 2022-01-07 22:46:27,117 "GET / HTTP/1.1" 302 0
INFO 2022-01-07 22:46:27,127 "GET /accounts/login/?next=/ HTTP/1.1" 200 3989
INFO 2022-01-07 22:46:27,156 "GET /static/dist/css/login-page.css HTTP/1.1" 304 0
INFO 2022-01-07 22:46:27,159 "GET /static/dist/img/login.png HTTP/1.1" 304 0
INFO 2022-01-07 22:51:05,109 "GET /accounts/login/?next=/ HTTP/1.1" 200 3989
INFO 2022-01-07 22:51:05,134 "GET /static/plugins/fontawesome-free/css/all.min.css HTTP/1.1" 304 0
INFO 2022-01-07 22:51:05,141 "GET /static/plugins/overlayScrollbars/css/OverlayScrollbars.min.css HTTP/1.1" 304 0
INFO 2022-01-07 22:51:05,142 "GET /static/plugins/toastr/toastr.min.css HTTP/1.1" 304 0
INFO 2022-01-07 22:51:05,143 "GET /static/dist/css/adminlte.min.css HTTP/1.1" 304 0
INFO 2022-01-07 22:51:05,144 "GET /static/dist/css/login-page.css HTTP/1.1" 304 0
INFO 2022-01-07 22:51:05,147 "GET /static/plugins/jquery/jquery.min.js HTTP/1.1" 304 0
INFO 2022-01-07 22:51:05,153 "GET /static/plugins/bootstrap/js/bootstrap.bundle.min.js HTTP/1.1" 304 0
INFO 2022-01-07 22:51:05,154 "GET /static/dist/js/jquery.formset.js HTTP/1.1" 304 0
INFO 2022-01-07 22:51:05,154 "GET /static/plugins/toastr/toastr.min.js HTTP/1.1" 304 0
INFO 2022-01-07 22:51:05,155 "GET /static/plugins/overlayScrollbars/js/jquery.overlayScrollbars.min.js HTTP/1.1" 304 0
INFO 2022-01-07 22:51:05,155 "GET /static/dist/js/adminlte.js HTTP/1.1" 304 0
INFO 2022-01-07 22:51:05,157 "GET /static/dist/js/demo.js HTTP/1.1" 304 0
INFO 2022-01-07 22:51:05,158 "GET /static/dist/img/login.png HTTP/1.1" 304 0
INFO 2022-01-07 22:51:05,241 "GET /static/plugins/fontawesome-free/webfonts/fa-solid-900.woff2 HTTP/1.1" 304 0
INFO 2022-01-07 22:51:05,901 "GET /accounts/login/?next=/ HTTP/1.1" 200 3989
INFO 2022-01-07 22:51:06,473 "GET /accounts/login/?next=/ HTTP/1.1" 200 3989
INFO 2022-01-07 22:55:09,674 Watching for file changes with StatReloader
INFO 2022-01-07 22:56:08,897 Watching for file changes with StatReloader
INFO 2022-01-07 22:56:20,757 "GET / HTTP/1.1" 302 0
INFO 2022-01-07 22:56:20,785 "GET /accounts/login/?next=/ HTTP/1.1" 200 3989
INFO 2022-01-07 22:56:20,863 "GET /static/plugins/fontawesome-free/css/all.min.css HTTP/1.1" 200 58582
INFO 2022-01-07 22:56:20,876 "GET /static/plugins/jquery/jquery.min.js HTTP/1.1" 200 88147
INFO 2022-01-07 22:56:20,902 "GET /static/plugins/bootstrap/js/bootstrap.bundle.min.js HTTP/1.1" 200 80704
INFO 2022-01-07 22:56:20,912 "GET /static/dist/js/jquery.formset.js HTTP/1.1" 200 13881
INFO 2022-01-07 22:56:20,930 "GET /static/plugins/toastr/toastr.min.js HTTP/1.1" 200 5253
INFO 2022-01-07 22:56:20,931 "GET /static/plugins/overlayScrollbars/css/OverlayScrollbars.min.css HTTP/1.1" 200 19736
INFO 2022-01-07 22:56:20,939 "GET /static/plugins/toastr/toastr.min.css HTTP/1.1" 200 6454
INFO 2022-01-07 22:56:20,941 "GET /static/dist/js/demo.js HTTP/1.1" 200 13042
INFO 2022-01-07 22:56:20,941 "GET /static/plugins/overlayScrollbars/js/jquery.overlayScrollbars.min.js HTTP/1.1" 200 42395
INFO 2022-01-07 22:56:20,946 "GET /static/dist/css/login-page.css HTTP/1.1" 200 9064
INFO 2022-01-07 22:56:20,957 "GET /static/dist/img/login.png HTTP/1.1" 200 445475
INFO 2022-01-07 22:56:20,966 "GET /static/dist/js/adminlte.js HTTP/1.1" 200 59416
INFO 2022-01-07 22:56:20,974 "GET /static/dist/css/adminlte.min.css HTTP/1.1" 200 686718
INFO 2022-01-07 22:56:21,406 "GET /static/plugins/fontawesome-free/webfonts/fa-solid-900.woff2 HTTP/1.1" 200 79444
INFO 2022-01-07 22:56:37,184 "POST /accounts/login/ HTTP/1.1" 302 0
INFO 2022-01-07 22:56:37,309 "GET / HTTP/1.1" 200 9298
INFO 2022-01-07 22:56:37,340 "GET /static/plugins/Datatables/datatables.min.css HTTP/1.1" 200 25807
INFO 2022-01-07 22:56:37,368 "GET /static/plugins/Datatables/datatables.min.js HTTP/1.1" 200 2042927
INFO 2022-01-07 22:56:37,421 "GET /static/plugins/fontawesome-free/webfonts/fa-regular-400.woff2 HTTP/1.1" 200 13584
INFO 2022-01-07 22:56:47,884 "GET /site-config HTTP/1.1" 200 10873
INFO 2022-01-07 22:56:53,969 "GET /session/list/ HTTP/1.1" 200 11949
INFO 2022-01-07 22:57:06,893 "POST /session/create/ HTTP/1.1" 302 0
INFO 2022-01-07 22:57:07,036 "GET /session/list/ HTTP/1.1" 200 12437
INFO 2022-01-07 22:57:14,603 "GET /term/list/ HTTP/1.1" 200 12239
INFO 2022-01-07 22:57:19,260 "GET /subject/list/ HTTP/1.1" 200 11405
INFO 2022-01-07 22:57:33,069 "POST /subject/create/ HTTP/1.1" 302 0
INFO 2022-01-07 22:57:33,219 "GET /subject/list/ HTTP/1.1" 200 11835
INFO 2022-01-07 22:57:42,411 "POST /subject/create/ HTTP/1.1" 302 0
INFO 2022-01-07 22:57:42,544 "GET /subject/list/ HTTP/1.1" 200 12122
INFO 2022-01-07 22:57:45,487 "GET /subject/4/delete/ HTTP/1.1" 200 9997
INFO 2022-01-07 22:57:47,136 "POST /subject/4/delete/ HTTP/1.1" 302 0
INFO 2022-01-07 22:57:47,253 "GET /subject/list/ HTTP/1.1" 200 11873
INFO 2022-01-07 22:57:54,361 "GET /class/list/ HTTP/1.1" 200 11418
INFO 2022-01-07 22:58:10,004 "POST /class/create/ HTTP/1.1" 302 0
INFO 2022-01-07 22:58:10,120 "GET /class/list/ HTTP/1.1" 200 11844
INFO 2022-01-07 22:58:21,478 "GET /student/list HTTP/1.1" 200 9954
INFO 2022-01-07 22:58:25,570 "GET /student/create/ HTTP/1.1" 200 13660
INFO 2022-01-07 22:59:46,572 "POST /student/create/ HTTP/1.1" 302 0
INFO 2022-01-07 22:59:46,732 "GET /student/1/ HTTP/1.1" 200 11314
INFO 2022-01-07 22:59:46,757 "GET /static/plugins/fontawesome-free/css/all.min.css HTTP/1.1" 304 0
INFO 2022-01-07 22:59:46,758 "GET /static/plugins/toastr/toastr.min.css HTTP/1.1" 304 0
INFO 2022-01-07 22:59:46,758 "GET /static/plugins/overlayScrollbars/css/OverlayScrollbars.min.css HTTP/1.1" 304 0
INFO 2022-01-07 22:59:46,759 "GET /static/plugins/Datatables/datatables.min.css HTTP/1.1" 304 0
INFO 2022-01-07 22:59:46,759 "GET /static/dist/css/adminlte.min.css HTTP/1.1" 304 0
INFO 2022-01-07 22:59:46,760 "GET /static/plugins/jquery/jquery.min.js HTTP/1.1" 304 0
INFO 2022-01-07 22:59:46,767 "GET /static/dist/js/demo.js HTTP/1.1" 304 0
INFO 2022-01-07 22:59:46,767 "GET /static/plugins/toastr/toastr.min.js HTTP/1.1" 304 0
INFO 2022-01-07 22:59:46,768 "GET /static/dist/js/jquery.formset.js HTTP/1.1" 304 0
INFO 2022-01-07 22:59:46,768 "GET /static/plugins/bootstrap/js/bootstrap.bundle.min.js HTTP/1.1" 304 0
INFO 2022-01-07 22:59:46,769 "GET /static/plugins/overlayScrollbars/js/jquery.overlayScrollbars.min.js HTTP/1.1" 304 0
INFO 2022-01-07 22:59:46,769 "GET /static/dist/js/adminlte.js HTTP/1.1" 304 0
INFO 2022-01-07 22:59:46,776 "GET /static/plugins/Datatables/datatables.min.js HTTP/1.1" 304 0
INFO 2022-01-07 22:59:46,889 "GET /media/students/passports/projectworlds.png HTTP/1.1" 200 13585
INFO 2022-01-07 23:00:00,782 "GET /student/1/update/ HTTP/1.1" 200 13963
INFO 2022-01-07 23:00:04,922 "GET /student/list HTTP/1.1" 200 9954
INFO 2022-01-07 23:00:06,989 "GET /student/upload/ HTTP/1.1" 200 10009
INFO 2022-01-07 23:00:14,256 "GET /student/download-csv/ HTTP/1.1" 200 94
INFO 2022-01-07 23:02:33,819 "POST /student/upload/ HTTP/1.1" 302 0
INFO 2022-01-07 23:02:34,036 "GET /student/list HTTP/1.1" 200 10099
INFO 2022-01-07 23:02:39,461 "GET /student/list HTTP/1.1" 200 9954
INFO 2022-01-07 23:02:39,751 "GET /static/plugins/toastr/toastr.min.css HTTP/1.1" 304 0
INFO 2022-01-07 23:02:39,752 "GET /static/plugins/fontawesome-free/css/all.min.css HTTP/1.1" 304 0
INFO 2022-01-07 23:02:39,759 "GET /static/plugins/Datatables/datatables.min.css HTTP/1.1" 304 0
INFO 2022-01-07 23:02:39,759 "GET /static/plugins/overlayScrollbars/css/OverlayScrollbars.min.css HTTP/1.1" 304 0
INFO 2022-01-07 23:02:39,775 "GET /static/dist/css/adminlte.min.css HTTP/1.1" 304 0
INFO 2022-01-07 23:02:39,778 "GET /static/plugins/jquery/jquery.min.js HTTP/1.1" 304 0
INFO 2022-01-07 23:02:39,782 "GET /static/plugins/bootstrap/js/bootstrap.bundle.min.js HTTP/1.1" 304 0
INFO 2022-01-07 23:02:39,783 "GET /static/plugins/toastr/toastr.min.js HTTP/1.1" 304 0
INFO 2022-01-07 23:02:39,784 "GET /static/dist/js/jquery.formset.js HTTP/1.1" 304 0
INFO 2022-01-07 23:02:39,789 "GET /static/plugins/overlayScrollbars/js/jquery.overlayScrollbars.min.js HTTP/1.1" 304 0
INFO 2022-01-07 23:02:39,793 "GET /static/dist/js/adminlte.js HTTP/1.1" 304 0
INFO 2022-01-07 23:02:39,795 "GET /static/dist/js/demo.js HTTP/1.1" 304 0
INFO 2022-01-07 23:02:39,795 "GET /static/plugins/Datatables/datatables.min.js HTTP/1.1" 304 0
INFO 2022-01-07 23:02:49,228 "GET /student/create/ HTTP/1.1" 200 13695
INFO 2022-01-07 23:03:24,013 "POST /student/create/ HTTP/1.1" 200 13887
INFO 2022-01-07 23:03:30,756 "POST /student/create/ HTTP/1.1" 302 0
INFO 2022-01-07 23:03:31,004 "GET /student/3/ HTTP/1.1" 200 11297
INFO 2022-01-07 23:03:31,095 "GET /static/dist/img/avatar.png HTTP/1.1" 200 8543
INFO 2022-01-07 23:03:34,773 "GET /student/3/update/ HTTP/1.1" 200 13766
INFO 2022-01-07 23:03:42,330 "POST /student/3/update/ HTTP/1.1" 302 0
INFO 2022-01-07 23:03:42,764 "GET /student/3/ HTTP/1.1" 200 11298
INFO 2022-01-07 23:03:46,159 "GET /student/list HTTP/1.1" 200 9954
INFO 2022-01-07 23:05:04,576 "GET /student/list HTTP/1.1" 200 9954
INFO 2022-01-07 23:05:08,969 "GET / HTTP/1.1" 200 9298
INFO 2022-01-07 23:05:15,950 "GET /finance/list/ HTTP/1.1" 200 9933
INFO 2022-01-07 23:05:19,684 "GET /finance/create/ HTTP/1.1" 200 13686
INFO 2022-01-07 23:06:47,475 "POST /finance/create/ HTTP/1.1" 302 0
INFO 2022-01-07 23:06:47,633 "GET /finance/list HTTP/1.1" 301 0
INFO 2022-01-07 23:06:47,799 "GET /finance/list/ HTTP/1.1" 200 10353
INFO 2022-01-07 23:06:47,845 "GET /static/plugins/fontawesome-free/css/all.min.css HTTP/1.1" 304 0
INFO 2022-01-07 23:06:47,848 "GET /static/plugins/overlayScrollbars/css/OverlayScrollbars.min.css HTTP/1.1" 304 0
INFO 2022-01-07 23:06:47,849 "GET /static/plugins/toastr/toastr.min.css HTTP/1.1" 304 0
INFO 2022-01-07 23:06:47,857 "GET /static/plugins/Datatables/datatables.min.css HTTP/1.1" 304 0
INFO 2022-01-07 23:06:47,858 "GET /static/dist/css/adminlte.min.css HTTP/1.1" 304 0
INFO 2022-01-07 23:06:47,863 "GET /static/plugins/jquery/jquery.min.js HTTP/1.1" 304 0
INFO 2022-01-07 23:06:47,866 "GET /static/dist/js/jquery.formset.js HTTP/1.1" 304 0
INFO 2022-01-07 23:06:47,871 "GET /static/plugins/bootstrap/js/bootstrap.bundle.min.js HTTP/1.1" 304 0
INFO 2022-01-07 23:06:47,872 "GET /static/plugins/toastr/toastr.min.js HTTP/1.1" 304 0
INFO 2022-01-07 23:06:47,872 "GET /static/plugins/overlayScrollbars/js/jquery.overlayScrollbars.min.js HTTP/1.1" 304 0
INFO 2022-01-07 23:06:47,873 "GET /static/dist/js/demo.js HTTP/1.1" 304 0
INFO 2022-01-07 23:06:47,874 "GET /static/dist/js/adminlte.js HTTP/1.1" 304 0
INFO 2022-01-07 23:06:47,877 "GET /static/plugins/Datatables/datatables.min.js HTTP/1.1" 304 0
INFO 2022-01-07 23:06:55,626 "GET /finance/create/ HTTP/1.1" 200 13686
INFO 2022-01-07 23:06:59,977 "GET /finance/list/ HTTP/1.1" 200 10353
INFO 2022-01-07 23:07:04,048 - Broken pipe from ('127.0.0.1', 55028)

INFO 2022-01-07 23:07:04,220 "GET /finance/receipt/create?invoice=1 HTTP/1.1" 200 10851
INFO 2022-01-07 23:07:18,913 "POST /finance/receipt/create?invoice=1 HTTP/1.1" 302 0
INFO 2022-01-07 23:07:19,205 "GET /finance/list/ HTTP/1.1" 200 10355
INFO 2022-01-07 23:07:26,524 "GET /staff/list/ HTTP/1.1" 200 9695
INFO 2022-01-07 23:07:31,146 "GET /staff/create/ HTTP/1.1" 200 12608
INFO 2022-01-07 23:07:40,463 "GET /result/view/all HTTP/1.1" 200 8842
INFO 2022-01-07 23:07:48,213 "GET /result/create/ HTTP/1.1" 200 10923
INFO 2022-01-07 23:07:59,394 "POST /result/create/ HTTP/1.1" 200 11146
INFO 2022-01-07 23:08:10,904 "POST /result/create/ HTTP/1.1" 302 0
INFO 2022-01-07 23:08:11,417 "GET /result/edit-results/ HTTP/1.1" 200 12057
INFO 2022-01-07 23:08:44,225 "POST /result/edit-results/ HTTP/1.1" 302 0
INFO 2022-01-07 23:08:44,681 "GET /result/edit-results/ HTTP/1.1" 200 12212
INFO 2022-01-07 23:08:52,092 "GET /result/view/all HTTP/1.1" 200 10295
INFO 2022-01-07 23:09:01,934 "GET /result/create/ HTTP/1.1" 200 10923
INFO 2022-01-07 23:09:09,356 "GET /result/view/all HTTP/1.1" 200 10295
INFO 2022-01-07 23:09:14,933 "GET /result/edit-results/ HTTP/1.1" 200 12069
INFO 2022-01-07 23:09:25,474 "POST /result/edit-results/ HTTP/1.1" 302 0
INFO 2022-01-07 23:09:26,075 "GET /result/edit-results/ HTTP/1.1" 200 12212
INFO 2022-01-07 23:09:30,424 "GET /result/view/all HTTP/1.1" 200 10295
INFO 2022-01-07 23:09:39,427 "GET / HTTP/1.1" 200 9298
INFO 2022-01-07 23:09:46,083 "GET /finance/list/ HTTP/1.1" 200 10355
INFO 2022-01-07 23:09:51,257 "GET /finance/1/detail/ HTTP/1.1" 200 11415
INFO 2022-04-26 15:31:31,198 Watching for file changes with StatReloader
INFO 2022-04-26 15:32:00,511 Watching for file changes with StatReloader
INFO 2022-04-26 15:32:03,210 "GET / HTTP/1.1" 302 0
INFO 2022-04-26 15:32:03,248 "GET /accounts/login/?next=/ HTTP/1.1" 200 4004
INFO 2022-04-26 15:32:03,372 "GET /static/plugins/fontawesome-free/css/all.min.css HTTP/1.1" 200 58582
INFO 2022-04-26 15:32:03,380 "GET /static/dist/css/login-page.css HTTP/1.1" 200 9064
INFO 2022-04-26 15:32:03,380 "GET /static/plugins/toastr/toastr.min.css HTTP/1.1" 200 6454
INFO 2022-04-26 15:32:03,384 "GET /static/plugins/overlayScrollbars/css/OverlayScrollbars.min.css HTTP/1.1" 200 19736
INFO 2022-04-26 15:32:03,387 "GET /static/dist/css/adminlte.min.css HTTP/1.1" 200 686718
INFO 2022-04-26 15:32:03,419 "GET /static/plugins/jquery/jquery.min.js HTTP/1.1" 200 88147
INFO 2022-04-26 15:32:03,435 "GET /static/dist/js/jquery.formset.js HTTP/1.1" 200 13881
INFO 2022-04-26 15:32:03,438 "GET /static/plugins/toastr/toastr.min.js HTTP/1.1" 200 5253
INFO 2022-04-26 15:32:03,453 "GET /static/plugins/bootstrap/js/bootstrap.bundle.min.js HTTP/1.1" 200 80704
INFO 2022-04-26 15:32:03,466 "GET /static/plugins/overlayScrollbars/js/jquery.overlayScrollbars.min.js HTTP/1.1" 200 42395
INFO 2022-04-26 15:32:03,473 "GET /static/dist/js/adminlte.js HTTP/1.1" 200 59416
INFO 2022-04-26 15:32:03,480 "GET /static/dist/js/demo.js HTTP/1.1" 200 13042
INFO 2022-04-26 15:32:03,482 "GET /static/dist/img/login.png HTTP/1.1" 200 445475
INFO 2022-04-26 15:32:03,950 "GET /static/plugins/fontawesome-free/webfonts/fa-solid-900.woff2 HTTP/1.1" 200 79444
INFO 2022-04-26 15:32:25,966 "POST /accounts/login/ HTTP/1.1" 302 0
INFO 2022-04-26 15:32:26,011 "GET / HTTP/1.1" 200 9298
INFO 2022-04-26 15:32:26,038 "GET /static/plugins/Datatables/datatables.min.css HTTP/1.1" 200 25807
INFO 2022-04-26 15:32:26,133 "GET /static/plugins/fontawesome-free/webfonts/fa-regular-400.woff2 HTTP/1.1" 200 13584
INFO 2022-04-26 15:32:26,274 "GET /static/plugins/Datatables/datatables.min.js HTTP/1.1" 200 2042927
INFO 2022-04-26 15:44:05,111 Watching for file changes with StatReloader
INFO 2022-04-26 15:44:11,313 "GET / HTTP/1.1" 200 9298
INFO 2022-04-26 15:44:11,335 "GET /static/plugins/overlayScrollbars/css/OverlayScrollbars.min.css HTTP/1.1" 304 0
INFO 2022-04-26 15:44:11,335 "GET /static/plugins/toastr/toastr.min.css HTTP/1.1" 304 0
INFO 2022-04-26 15:44:11,336 "GET /static/plugins/fontawesome-free/css/all.min.css HTTP/1.1" 304 0
INFO 2022-04-26 15:44:11,337 "GET /static/plugins/Datatables/datatables.min.css HTTP/1.1" 304 0
INFO 2022-04-26 15:44:11,339 "GET /static/dist/js/jquery.formset.js HTTP/1.1" 304 0
INFO 2022-04-26 15:44:11,340 "GET /static/dist/css/adminlte.min.css HTTP/1.1" 304 0
INFO 2022-04-26 15:44:11,341 "GET /static/plugins/jquery/jquery.min.js HTTP/1.1" 304 0
INFO 2022-04-26 15:44:11,341 "GET /static/plugins/bootstrap/js/bootstrap.bundle.min.js HTTP/1.1" 304 0
INFO 2022-04-26 15:44:11,341 "GET /static/plugins/toastr/toastr.min.js HTTP/1.1" 304 0
INFO 2022-04-26 15:44:11,343 "GET /static/plugins/overlayScrollbars/js/jquery.overlayScrollbars.min.js HTTP/1.1" 304 0
INFO 2022-04-26 15:44:11,344 "GET /static/dist/js/adminlte.js HTTP/1.1" 304 0
INFO 2022-04-26 15:44:11,345 "GET /static/dist/js/demo.js HTTP/1.1" 304 0
INFO 2022-04-26 15:44:11,346 "GET /static/plugins/Datatables/datatables.min.js HTTP/1.1" 304 0
INFO 2022-04-26 15:44:11,398 "GET /static/plugins/fontawesome-free/webfonts/fa-solid-900.woff2 HTTP/1.1" 304 0
INFO 2022-04-26 15:44:11,398 "GET /static/plugins/fontawesome-free/webfonts/fa-regular-400.woff2 HTTP/1.1" 304 0
INFO 2022-04-26 15:44:13,280 "GET / HTTP/1.1" 200 9298
INFO 2022-04-26 15:44:15,966 "GET /accounts/logout/ HTTP/1.1" 302 0
INFO 2022-04-26 15:44:15,977 "GET / HTTP/1.1" 302 0
INFO 2022-04-26 15:44:15,992 "GET /accounts/login/?next=/ HTTP/1.1" 200 4004
INFO 2022-04-26 15:44:16,014 "GET /static/dist/img/login.png HTTP/1.1" 304 0
INFO 2022-04-26 15:44:16,014 "GET /static/dist/css/login-page.css HTTP/1.1" 304 0
INFO 2022-04-26 15:46:07,465 "POST /accounts/login/ HTTP/1.1" 302 0
INFO 2022-04-26 15:46:07,488 "GET / HTTP/1.1" 200 9298
INFO 2022-04-26 15:46:12,703 "GET /student/list HTTP/1.1" 200 9954
INFO 2022-04-26 15:46:15,576 "GET /staff/list/ HTTP/1.1" 200 9695
INFO 2022-04-26 15:46:17,116 "GET /finance/list/ HTTP/1.1" 200 10355
INFO 2022-04-26 15:46:22,809 "GET /student/list HTTP/1.1" 200 9954
INFO 2022-04-26 15:46:24,059 "GET /staff/list/ HTTP/1.1" 200 9695
INFO 2022-04-26 15:47:11,613 "GET /student/list HTTP/1.1" 200 9954
INFO 2022-04-26 15:50:06,050 "GET /student/list HTTP/1.1" 200 9954
INFO 2022-04-26 15:50:06,069 "GET /static/plugins/fontawesome-free/css/all.min.css HTTP/1.1" 304 0
INFO 2022-04-26 15:50:06,069 "GET /static/plugins/toastr/toastr.min.css HTTP/1.1" 304 0
INFO 2022-04-26 15:50:06,072 "GET /static/plugins/overlayScrollbars/css/OverlayScrollbars.min.css HTTP/1.1" 304 0
INFO 2022-04-26 15:50:06,075 "GET /static/plugins/Datatables/datatables.min.css HTTP/1.1" 304 0
INFO 2022-04-26 15:50:06,076 "GET /static/dist/js/jquery.formset.js HTTP/1.1" 304 0
INFO 2022-04-26 15:50:06,076 "GET /static/plugins/bootstrap/js/bootstrap.bundle.min.js HTTP/1.1" 304 0
INFO 2022-04-26 15:50:06,077 "GET /static/dist/css/adminlte.min.css HTTP/1.1" 304 0
INFO 2022-04-26 15:50:06,077 "GET /static/plugins/jquery/jquery.min.js HTTP/1.1" 304 0
INFO 2022-04-26 15:50:06,079 "GET /static/plugins/toastr/toastr.min.js HTTP/1.1" 304 0
INFO 2022-04-26 15:50:06,081 "GET /static/dist/js/adminlte.js HTTP/1.1" 304 0
INFO 2022-04-26 15:50:06,082 "GET /static/plugins/overlayScrollbars/js/jquery.overlayScrollbars.min.js HTTP/1.1" 304 0
INFO 2022-04-26 15:50:06,083 "GET /static/dist/js/demo.js HTTP/1.1" 304 0
INFO 2022-04-26 15:50:06,083 "GET /static/plugins/Datatables/datatables.min.js HTTP/1.1" 304 0
INFO 2022-04-26 15:50:06,112 "GET /static/plugins/fontawesome-free/webfonts/fa-regular-400.woff2 HTTP/1.1" 304 0
INFO 2022-04-26 15:50:06,113 "GET /static/plugins/fontawesome-free/webfonts/fa-solid-900.woff2 HTTP/1.1" 304 0
INFO 2022-04-26 16:19:33,783 "GET / HTTP/1.1" 302 0
INFO 2022-04-26 16:19:33,795 "GET /accounts/login/?next=/ HTTP/1.1" 200 4004
INFO 2022-04-26 16:19:33,829 "GET /static/plugins/fontawesome-free/css/all.min.css HTTP/1.1" 304 0
INFO 2022-04-26 16:19:33,829 "GET /static/plugins/toastr/toastr.min.css HTTP/1.1" 304 0
INFO 2022-04-26 16:19:33,836 "GET /static/plugins/overlayScrollbars/css/OverlayScrollbars.min.css HTTP/1.1" 304 0
INFO 2022-04-26 16:19:33,838 "GET /static/dist/css/adminlte.min.css HTTP/1.1" 304 0
INFO 2022-04-26 16:19:33,840 "GET /static/dist/css/login-page.css HTTP/1.1" 304 0
INFO 2022-04-26 16:19:33,841 "GET /static/dist/js/jquery.formset.js HTTP/1.1" 304 0
INFO 2022-04-26 16:19:33,841 "GET /static/plugins/jquery/jquery.min.js HTTP/1.1" 304 0
INFO 2022-04-26 16:19:33,842 "GET /static/plugins/bootstrap/js/bootstrap.bundle.min.js HTTP/1.1" 304 0
INFO 2022-04-26 16:19:33,842 "GET /static/plugins/toastr/toastr.min.js HTTP/1.1" 304 0
INFO 2022-04-26 16:19:33,843 "GET /static/plugins/overlayScrollbars/js/jquery.overlayScrollbars.min.js HTTP/1.1" 304 0
INFO 2022-04-26 16:19:33,846 "GET /static/dist/js/adminlte.js HTTP/1.1" 304 0
INFO 2022-04-26 16:19:33,847 "GET /static/dist/js/demo.js HTTP/1.1" 304 0
INFO 2022-04-26 16:19:33,848 "GET /static/dist/img/login.png HTTP/1.1" 304 0
INFO 2022-04-26 16:19:33,903 "GET /static/plugins/fontawesome-free/webfonts/fa-solid-900.woff2 HTTP/1.1" 304 0
WARNING 2022-04-26 16:19:33,969 Not Found: /favicon.ico
WARNING 2022-04-26 16:19:33,970 "GET /favicon.ico HTTP/1.1" 404 6202
INFO 2022-04-26 16:22:01,104 "POST /accounts/login/ HTTP/1.1" 302 0
INFO 2022-04-26 16:22:01,129 "GET / HTTP/1.1" 200 9298
INFO 2022-04-26 16:22:01,143 "GET /static/plugins/Datatables/datatables.min.css HTTP/1.1" 304 0
INFO 2022-04-26 16:22:01,143 "GET /static/plugins/Datatables/datatables.min.js HTTP/1.1" 304 0
INFO 2022-04-26 16:22:01,211 "GET /static/plugins/fontawesome-free/webfonts/fa-regular-400.woff2 HTTP/1.1" 304 0
INFO 2022-04-26 16:22:06,489 "GET /student/list HTTP/1.1" 200 9954
INFO 2022-04-26 21:37:33,290 Watching for file changes with StatReloader
INFO 2022-04-26 21:37:47,422 "GET / HTTP/1.1" 302 0
INFO 2022-04-26 21:37:47,458 "GET /accounts/login/?next=/ HTTP/1.1" 200 4004
INFO 2022-04-26 21:37:47,503 "GET /static/plugins/fontawesome-free/css/all.min.css HTTP/1.1" 304 0
INFO 2022-04-26 21:37:47,510 "GET /static/plugins/toastr/toastr.min.css HTTP/1.1" 304 0
INFO 2022-04-26 21:37:47,513 "GET /static/dist/css/adminlte.min.css HTTP/1.1" 304 0
INFO 2022-04-26 21:37:47,514 "GET /static/plugins/jquery/jquery.min.js HTTP/1.1" 304 0
INFO 2022-04-26 21:37:47,515 "GET /static/dist/js/jquery.formset.js HTTP/1.1" 304 0
INFO 2022-04-26 21:37:47,515 "GET /static/dist/css/login-page.css HTTP/1.1" 304 0
INFO 2022-04-26 21:37:47,516 "GET /static/plugins/overlayScrollbars/css/OverlayScrollbars.min.css HTTP/1.1" 304 0
INFO 2022-04-26 21:37:47,517 "GET /static/plugins/bootstrap/js/bootstrap.bundle.min.js HTTP/1.1" 304 0
INFO 2022-04-26 21:37:47,524 "GET /static/plugins/toastr/toastr.min.js HTTP/1.1" 304 0
INFO 2022-04-26 21:37:47,524 "GET /static/dist/js/adminlte.js HTTP/1.1" 304 0
INFO 2022-04-26 21:37:47,525 "GET /static/plugins/overlayScrollbars/js/jquery.overlayScrollbars.min.js HTTP/1.1" 304 0
INFO 2022-04-26 21:37:47,525 "GET /static/dist/js/demo.js HTTP/1.1" 304 0
INFO 2022-04-26 21:37:47,526 "GET /static/dist/img/login.png HTTP/1.1" 304 0
INFO 2022-04-26 21:37:47,585 "GET /static/plugins/fontawesome-free/webfonts/fa-solid-900.woff2 HTTP/1.1" 304 0
WARNING 2022-04-26 21:37:47,762 Not Found: /favicon.ico
WARNING 2022-04-26 21:37:47,763 "GET /favicon.ico HTTP/1.1" 404 6202
INFO 2022-04-26 21:37:57,465 "POST /accounts/login/ HTTP/1.1" 200 4129
INFO 2022-04-26 21:38:08,733 "POST /accounts/login/ HTTP/1.1" 200 4129
INFO 2022-04-26 21:43:42,340 "POST /accounts/login/ HTTP/1.1" 200 4221
ERROR 2022-04-26 21:43:42,375 "GET /static/https%3A/encrypted-tbn0.gstatic.com/images%3Fq%3Dtbn%3AANd9GcSo812dImu_UXvpk1r8tIE4adpydMYQM-hDtg%26usqp%3DCAU HTTP/1.1" 500 59
ERROR 2022-04-26 21:44:09,314 Internal Server Error: /accounts/login/
Traceback (most recent call last):
  File "C:\Users\MOHAMMED SALMAN\Django-School-Management-System\student_management_env\lib\site-packages\django\template\base.py", line 505, in parse
    compile_func = self.tags[command]
KeyError: "'https://encrypted-tbn0.gstatic.com/images?q=tbn:ANd9GcSo812dImu_UXvpk1r8tIE4adpydMYQM-hDtg&usqp=CAU'"

During handling of the above exception, another exception occurred:

Traceback (most recent call last):
  File "C:\Users\MOHAMMED SALMAN\Django-School-Management-System\student_management_env\lib\site-packages\django\core\handlers\exception.py", line 55, in inner
    response = get_response(request)
  File "C:\Users\MOHAMMED SALMAN\Django-School-Management-System\student_management_env\lib\site-packages\django\core\handlers\base.py", line 220, in _get_response
    response = response.render()
  File "C:\Users\MOHAMMED SALMAN\Django-School-Management-System\student_management_env\lib\site-packages\django\template\response.py", line 114, in render
    self.content = self.rendered_content
  File "C:\Users\MOHAMMED SALMAN\Django-School-Management-System\student_management_env\lib\site-packages\django\template\response.py", line 90, in rendered_content
    template = self.resolve_template(self.template_name)
  File "C:\Users\MOHAMMED SALMAN\Django-School-Management-System\student_management_env\lib\site-packages\django\template\response.py", line 72, in resolve_template
    return select_template(template, using=self.using)
  File "C:\Users\MOHAMMED SALMAN\Django-School-Management-System\student_management_env\lib\site-packages\django\template\loader.py", line 42, in select_template
    return engine.get_template(template_name)
  File "C:\Users\MOHAMMED SALMAN\Django-School-Management-System\student_management_env\lib\site-packages\django\template\backends\django.py", line 34, in get_template
    return Template(self.engine.get_template(template_name), self)
  File "C:\Users\MOHAMMED SALMAN\Django-School-Management-System\student_management_env\lib\site-packages\django\template\engine.py", line 176, in get_template
    template, origin = self.find_template(template_name)
  File "C:\Users\MOHAMMED SALMAN\Django-School-Management-System\student_management_env\lib\site-packages\django\template\engine.py", line 158, in find_template
    template = loader.get_template(name, skip=skip)
  File "C:\Users\MOHAMMED SALMAN\Django-School-Management-System\student_management_env\lib\site-packages\django\template\loaders\base.py", line 28, in get_template
    return Template(
  File "C:\Users\MOHAMMED SALMAN\Django-School-Management-System\student_management_env\lib\site-packages\django\template\base.py", line 154, in __init__
    self.nodelist = self.compile_nodelist()
  File "C:\Users\MOHAMMED SALMAN\Django-School-Management-System\student_management_env\lib\site-packages\django\template\base.py", line 200, in compile_nodelist
    return parser.parse()
  File "C:\Users\MOHAMMED SALMAN\Django-School-Management-System\student_management_env\lib\site-packages\django\template\base.py", line 507, in parse
    self.invalid_block_tag(token, command, parse_until)
  File "C:\Users\MOHAMMED SALMAN\Django-School-Management-System\student_management_env\lib\site-packages\django\template\base.py", line 568, in invalid_block_tag
    raise self.error(
django.template.exceptions.TemplateSyntaxError: Invalid block tag on line 39: ''https://encrypted-tbn0.gstatic.com/images?q=tbn:ANd9GcSo812dImu_UXvpk1r8tIE4adpydMYQM-hDtg&usqp=CAU''. Did you forget to register or load this tag?
ERROR 2022-04-26 21:44:09,319 "POST /accounts/login/ HTTP/1.1" 500 161508
INFO 2022-04-26 21:44:24,673 "POST /accounts/login/ HTTP/1.1" 200 4129
INFO 2022-04-26 21:47:14,272 "POST /accounts/login/ HTTP/1.1" 200 4143
INFO 2022-04-26 21:47:45,088 "POST /accounts/login/ HTTP/1.1" 200 4143
INFO 2022-04-26 21:48:24,826 "POST /accounts/login/ HTTP/1.1" 200 4149
INFO 2022-04-26 21:48:53,430 "POST /accounts/login/ HTTP/1.1" 200 4155
INFO 2022-04-26 21:54:32,215 "POST /accounts/login/ HTTP/1.1" 200 4171
INFO 2022-04-26 22:01:17,289 "POST /accounts/login/ HTTP/1.1" 200 4155
INFO 2022-04-26 22:02:20,121 "POST /accounts/login/ HTTP/1.1" 302 0
INFO 2022-04-26 22:02:20,167 "GET / HTTP/1.1" 200 9298
INFO 2022-04-26 22:02:20,195 "GET /static/plugins/Datatables/datatables.min.css HTTP/1.1" 304 0
INFO 2022-04-26 22:02:20,195 "GET /static/plugins/Datatables/datatables.min.js HTTP/1.1" 304 0
INFO 2022-04-26 22:02:20,273 "GET /static/plugins/fontawesome-free/webfonts/fa-regular-400.woff2 HTTP/1.1" 304 0
INFO 2022-04-26 22:02:35,978 "GET /student/list HTTP/1.1" 200 9954
INFO 2022-04-26 22:04:07,775 "GET / HTTP/1.1" 200 9298
WARNING 2022-04-26 22:04:53,116 "GET /static/plugins/Datatables/pdfmake.min.js.map HTTP/1.1" 404 1870
INFO 2022-04-26 22:04:53,241 "GET /static/dist/js/adminlte.js.map HTTP/1.1" 200 113276
INFO 2022-04-26 22:04:53,241 "GET /static/plugins/toastr/toastr.js.map HTTP/1.1" 200 25633
INFO 2022-04-26 22:04:53,257 "GET /static/plugins/bootstrap/js/bootstrap.bundle.min.js.map HTTP/1.1" 200 318045
INFO 2022-04-26 22:04:53,257 "GET /static/dist/css/adminlte.min.css.map HTTP/1.1" 200 2149167
INFO 2022-04-26 22:08:29,217 "GET / HTTP/1.1" 200 9287
INFO 2022-04-26 22:11:30,964 "GET / HTTP/1.1" 200 9308
INFO 2022-04-26 22:15:04,505 "GET / HTTP/1.1" 200 9306
WARNING 2022-04-26 22:19:33,529 Forbidden (CSRF token from POST incorrect.): /accounts/login/
WARNING 2022-04-26 22:19:33,550 "POST /accounts/login/ HTTP/1.1" 403 2518
WARNING 2022-04-26 22:19:38,796 Forbidden (CSRF token from POST incorrect.): /accounts/login/
WARNING 2022-04-26 22:19:38,821 "POST /accounts/login/ HTTP/1.1" 403 2518
INFO 2022-04-26 22:19:58,039 Watching for file changes with StatReloader
INFO 2022-04-26 22:20:10,224 "GET / HTTP/1.1" 200 9306
INFO 2022-04-26 22:20:10,269 "GET /static/plugins/fontawesome-free/css/all.min.css HTTP/1.1" 304 0
INFO 2022-04-26 22:20:10,269 "GET /static/plugins/toastr/toastr.min.css HTTP/1.1" 304 0
INFO 2022-04-26 22:20:10,278 "GET /static/plugins/overlayScrollbars/css/OverlayScrollbars.min.css HTTP/1.1" 304 0
INFO 2022-04-26 22:20:10,278 "GET /static/plugins/bootstrap/js/bootstrap.bundle.min.js HTTP/1.1" 304 0
INFO 2022-04-26 22:20:10,279 "GET /static/plugins/toastr/toastr.min.js HTTP/1.1" 304 0
INFO 2022-04-26 22:20:10,279 "GET /static/dist/css/adminlte.min.css HTTP/1.1" 304 0
INFO 2022-04-26 22:20:10,280 "GET /static/plugins/jquery/jquery.min.js HTTP/1.1" 304 0
INFO 2022-04-26 22:20:10,281 "GET /static/dist/js/jquery.formset.js HTTP/1.1" 304 0
INFO 2022-04-26 22:20:10,283 "GET /static/dist/js/adminlte.js HTTP/1.1" 304 0
INFO 2022-04-26 22:20:10,283 "GET /static/plugins/overlayScrollbars/js/jquery.overlayScrollbars.min.js HTTP/1.1" 304 0
INFO 2022-04-26 22:20:10,285 "GET /static/dist/js/demo.js HTTP/1.1" 304 0
INFO 2022-04-26 22:20:10,389 "GET /static/plugins/fontawesome-free/webfonts/fa-solid-900.woff2 HTTP/1.1" 304 0
INFO 2022-04-26 22:20:14,186 "GET /site-config HTTP/1.1" 200 10871
INFO 2022-04-26 22:21:00,659 "POST /site-config HTTP/1.1" 200 10912
INFO 2022-04-26 22:21:04,090 "POST /site-config HTTP/1.1" 200 10912
INFO 2022-04-26 22:21:13,425 "GET /accounts/logout/ HTTP/1.1" 302 0
INFO 2022-04-26 22:21:13,440 "GET / HTTP/1.1" 302 0
INFO 2022-04-26 22:21:13,459 "GET /accounts/login/?next=/ HTTP/1.1" 200 4030
INFO 2022-04-26 22:21:13,484 "GET /static/dist/css/login-page.css HTTP/1.1" 304 0
INFO 2022-04-26 22:21:13,484 "GET /static/dist/img/login.png HTTP/1.1" 304 0
WARNING 2022-04-26 22:23:50,959 Not Found: /admin/
WARNING 2022-04-26 22:23:50,960 "GET /admin/ HTTP/1.1" 404 6187
INFO 2022-04-26 22:23:54,170 "GET /accounts/login/?next=/ HTTP/1.1" 200 4030
INFO 2022-04-26 22:26:13,114 "POST /accounts/login/ HTTP/1.1" 302 0
INFO 2022-04-26 22:26:13,153 "GET / HTTP/1.1" 200 9306
INFO 2022-04-26 22:33:55,182 "GET / HTTP/1.1" 200 9433
INFO 2022-04-26 22:34:24,771 "GET / HTTP/1.1" 200 9445
INFO 2022-04-26 22:45:17,077 "GET / HTTP/1.1" 200 11299
INFO 2022-04-26 22:45:17,099 "GET /static/plugins/Datatables/datatables.min.css HTTP/1.1" 304 0
INFO 2022-04-26 22:45:17,108 "GET /static/plugins/Datatables/datatables.min.js HTTP/1.1" 304 0
WARNING 2022-04-26 22:45:17,138 Not Found: /...
WARNING 2022-04-26 22:45:17,139 "GET /... HTTP/1.1" 404 6178
INFO 2022-04-26 22:45:17,236 "GET /static/plugins/fontawesome-free/webfonts/fa-regular-400.woff2 HTTP/1.1" 304 0
INFO 2022-04-26 22:45:49,304 "GET / HTTP/1.1" 200 11307
WARNING 2022-04-26 22:45:49,362 Not Found: /...
WARNING 2022-04-26 22:45:49,363 "GET /... HTTP/1.1" 404 6178
INFO 2022-04-26 22:46:19,251 "GET / HTTP/1.1" 200 11319
WARNING 2022-04-26 22:46:19,313 Not Found: /...
WARNING 2022-04-26 22:46:19,315 "GET /... HTTP/1.1" 404 6178
INFO 2022-04-26 22:47:30,397 "GET / HTTP/1.1" 200 10689
WARNING 2022-04-26 22:47:30,456 Not Found: /...
WARNING 2022-04-26 22:47:30,457 "GET /... HTTP/1.1" 404 6178
INFO 2022-04-26 22:56:03,159 "GET / HTTP/1.1" 200 11034
INFO 2022-04-26 22:57:39,076 "GET / HTTP/1.1" 200 10923
INFO 2022-04-26 22:58:49,236 "GET / HTTP/1.1" 200 9436
INFO 2022-04-26 23:02:20,596 "GET / HTTP/1.1" 200 9436
INFO 2022-04-26 23:02:35,782 "GET /finance/list/ HTTP/1.1" 200 10353
INFO 2022-04-26 23:02:41,506 "GET /student/list HTTP/1.1" 200 9952
INFO 2022-04-26 23:03:10,628 "GET /finance/list/ HTTP/1.1" 200 10353
INFO 2022-04-26 23:03:17,454 "GET /finance/receipt/create?invoice=1 HTTP/1.1" 200 10851
INFO 2022-04-26 23:03:24,257 "POST /finance/receipt/create?invoice=1 HTTP/1.1" 302 0
INFO 2022-04-26 23:03:24,302 "GET /finance/list/ HTTP/1.1" 200 10351
INFO 2022-04-26 23:03:31,654 "GET /finance/create/ HTTP/1.1" 200 13684
INFO 2022-04-26 23:03:41,870 "GET /student/list HTTP/1.1" 200 9952
INFO 2022-04-26 23:03:41,899 "GET /static/plugins/fontawesome-free/css/all.min.css HTTP/1.1" 304 0
INFO 2022-04-26 23:03:41,907 "GET /static/plugins/toastr/toastr.min.css HTTP/1.1" 304 0
INFO 2022-04-26 23:03:41,908 "GET /static/plugins/overlayScrollbars/css/OverlayScrollbars.min.css HTTP/1.1" 304 0
INFO 2022-04-26 23:03:41,912 "GET /static/dist/css/adminlte.min.css HTTP/1.1" 304 0
INFO 2022-04-26 23:03:41,916 "GET /static/plugins/jquery/jquery.min.js HTTP/1.1" 304 0
INFO 2022-04-26 23:03:41,918 "GET /static/dist/js/jquery.formset.js HTTP/1.1" 304 0
INFO 2022-04-26 23:03:41,919 "GET /static/plugins/toastr/toastr.min.js HTTP/1.1" 304 0
INFO 2022-04-26 23:03:41,920 "GET /static/plugins/bootstrap/js/bootstrap.bundle.min.js HTTP/1.1" 304 0
INFO 2022-04-26 23:03:41,921 "GET /static/plugins/overlayScrollbars/js/jquery.overlayScrollbars.min.js HTTP/1.1" 304 0
INFO 2022-04-26 23:03:41,922 "GET /static/dist/js/adminlte.js HTTP/1.1" 304 0
INFO 2022-04-26 23:03:41,923 "GET /static/dist/js/demo.js HTTP/1.1" 304 0
INFO 2022-04-26 23:03:41,951 "GET /static/plugins/fontawesome-free/webfonts/fa-solid-900.woff2 HTTP/1.1" 304 0
INFO 2022-04-26 23:03:48,142 "GET /student/create/ HTTP/1.1" 200 13693
INFO 2022-04-26 23:08:40,199 "POST /student/create/ HTTP/1.1" 302 0
INFO 2022-04-26 23:08:40,259 "GET /student/4/ HTTP/1.1" 200 11295
INFO 2022-04-26 23:08:40,382 "GET /media/students/passports/s3.jpg HTTP/1.1" 200 103634
INFO 2022-04-26 23:12:28,240 "GET /student/delete/4/ HTTP/1.1" 200 9611
INFO 2022-04-26 23:12:33,257 "GET / HTTP/1.1" 200 9436
INFO 2022-04-26 23:12:36,220 "GET /student/list HTTP/1.1" 200 9952
INFO 2022-04-26 23:12:43,092 "GET /finance/list/ HTTP/1.1" 200 10351
INFO 2022-04-26 23:12:46,715 "GET /finance/create/ HTTP/1.1" 200 13745
INFO 2022-04-26 23:13:08,450 "GET /result/create/ HTTP/1.1" 200 11106
INFO 2022-04-26 23:13:20,863 "GET /staff/list/ HTTP/1.1" 200 9693
INFO 2022-04-26 23:13:30,264 "GET /session/list/ HTTP/1.1" 200 12290
INFO 2022-04-26 23:13:34,683 "GET /subject/list/ HTTP/1.1" 200 11688
INFO 2022-04-26 23:13:49,972 "POST /subject/create/ HTTP/1.1" 302 0
INFO 2022-04-26 23:13:50,018 "GET /subject/list/ HTTP/1.1" 200 12125
INFO 2022-04-26 23:14:00,122 "POST /subject/create/ HTTP/1.1" 302 0
INFO 2022-04-26 23:14:00,176 "GET /subject/list/ HTTP/1.1" 200 12412
INFO 2022-04-26 23:14:22,073 "GET /session/list/ HTTP/1.1" 200 12290
INFO 2022-04-26 23:14:28,441 "GET /subject/list/ HTTP/1.1" 200 12267
INFO 2022-04-26 23:14:30,920 "GET /session/list/ HTTP/1.1" 200 12290
INFO 2022-04-26 23:14:34,978 "GET /term/list/ HTTP/1.1" 200 12237
INFO 2022-04-26 23:14:39,078 "GET /class/list/ HTTP/1.1" 200 11977
INFO 2022-04-26 23:14:43,515 "GET /class/3/delete/ HTTP/1.1" 200 9995
INFO 2022-04-26 23:14:45,667 "POST /class/3/delete/ HTTP/1.1" 302 0
INFO 2022-04-26 23:14:45,710 "GET /class/list/ HTTP/1.1" 200 11694
INFO 2022-04-26 23:14:48,772 "GET /class/1/update/ HTTP/1.1" 200 9830
INFO 2022-04-26 23:14:56,856 "POST /class/1/update/ HTTP/1.1" 302 0
INFO 2022-04-26 23:14:56,906 "GET /class/list/ HTTP/1.1" 200 11835
INFO 2022-04-26 23:15:00,430 "GET /class/2/delete/ HTTP/1.1" 200 9987
INFO 2022-04-26 23:15:02,546 "POST /class/2/delete/ HTTP/1.1" 302 0
INFO 2022-04-26 23:15:02,644 "GET /class/list/ HTTP/1.1" 200 11414
INFO 2022-04-26 23:15:09,924 "POST /class/create/ HTTP/1.1" 302 0
INFO 2022-04-26 23:15:09,967 "GET /class/list/ HTTP/1.1" 200 11835
INFO 2022-04-26 23:15:17,953 "GET /result/create/ HTTP/1.1" 200 11096
INFO 2022-04-26 23:15:25,439 "POST /result/create/ HTTP/1.1" 200 11471
INFO 2022-04-26 23:15:36,902 "POST /result/create/ HTTP/1.1" 302 0
INFO 2022-04-26 23:15:37,044 "GET /result/edit-results/ HTTP/1.1" 200 13398
INFO 2022-04-26 23:16:25,349 "POST /result/edit-results/ HTTP/1.1" 302 0
INFO 2022-04-26 23:16:25,482 "GET /result/edit-results/ HTTP/1.1" 200 13561
INFO 2022-04-26 23:16:31,740 "GET /result/view/all HTTP/1.1" 200 10769
INFO 2022-04-26 23:16:37,389 "GET /result/create/ HTTP/1.1" 200 11096
INFO 2022-04-26 23:18:46,704 "POST /result/create/ HTTP/1.1" 200 11471
INFO 2022-04-26 23:18:48,720 "GET /result/create/ HTTP/1.1" 200 11096
INFO 2022-04-26 23:18:54,877 "GET /staff/list/ HTTP/1.1" 200 9693
INFO 2022-04-26 23:20:31,889 "GET /staff/list/ HTTP/1.1" 200 9693
INFO 2022-04-26 23:20:34,423 "GET /staff/create/ HTTP/1.1" 200 12606
INFO 2022-04-26 23:21:16,006 "POST /staff/create/ HTTP/1.1" 302 0
INFO 2022-04-26 23:21:16,050 "GET /staff/1/ HTTP/1.1" 200 10831
INFO 2022-04-26 23:27:49,338 "GET /result/create/ HTTP/1.1" 200 11096
INFO 2022-04-26 23:30:55,962 "GET /student/list HTTP/1.1" 200 9952
INFO 2022-04-26 23:31:01,264 "GET /student/upload/ HTTP/1.1" 200 10007
INFO 2022-04-26 23:33:22,227 "GET /finance/list/ HTTP/1.1" 200 9931
INFO 2022-04-26 23:33:22,250 "GET /static/plugins/Datatables/datatables.min.js HTTP/1.1" 304 0
INFO 2022-04-26 23:33:22,250 "GET /static/plugins/Datatables/datatables.min.css HTTP/1.1" 304 0
INFO 2022-04-26 23:33:22,301 "GET /static/plugins/fontawesome-free/webfonts/fa-regular-400.woff2 HTTP/1.1" 304 0
INFO 2022-04-26 23:33:24,691 "GET /student/list HTTP/1.1" 200 9952
INFO 2022-04-26 23:33:43,782 "GET / HTTP/1.1" 200 9436
INFO 2022-04-27 11:46:23,819 Watching for file changes with StatReloader
INFO 2022-04-27 11:46:35,647 "GET / HTTP/1.1" 302 0
INFO 2022-04-27 11:46:35,700 "GET /accounts/login/?next=/ HTTP/1.1" 200 4030
INFO 2022-04-27 11:46:35,758 "GET /static/plugins/fontawesome-free/css/all.min.css HTTP/1.1" 304 0
INFO 2022-04-27 11:46:35,761 "GET /static/plugins/toastr/toastr.min.css HTTP/1.1" 304 0
INFO 2022-04-27 11:46:35,763 "GET /static/plugins/overlayScrollbars/css/OverlayScrollbars.min.css HTTP/1.1" 304 0
INFO 2022-04-27 11:46:35,769 "GET /static/dist/css/login-page.css HTTP/1.1" 304 0
INFO 2022-04-27 11:46:35,771 "GET /static/plugins/bootstrap/js/bootstrap.bundle.min.js HTTP/1.1" 304 0
INFO 2022-04-27 11:46:35,771 "GET /static/plugins/jquery/jquery.min.js HTTP/1.1" 304 0
INFO 2022-04-27 11:46:35,771 "GET /static/dist/css/adminlte.min.css HTTP/1.1" 304 0
INFO 2022-04-27 11:46:35,771 "GET /static/plugins/toastr/toastr.min.js HTTP/1.1" 304 0
INFO 2022-04-27 11:46:35,773 "GET /static/dist/js/jquery.formset.js HTTP/1.1" 304 0
INFO 2022-04-27 11:46:35,778 "GET /static/dist/js/adminlte.js HTTP/1.1" 304 0
INFO 2022-04-27 11:46:35,779 "GET /static/plugins/overlayScrollbars/js/jquery.overlayScrollbars.min.js HTTP/1.1" 304 0
INFO 2022-04-27 11:46:35,780 "GET /static/dist/js/demo.js HTTP/1.1" 304 0
INFO 2022-04-27 11:46:35,782 "GET /static/dist/img/login.png HTTP/1.1" 304 0
INFO 2022-04-27 11:46:35,975 "GET /static/plugins/fontawesome-free/webfonts/fa-solid-900.woff2 HTTP/1.1" 304 0
WARNING 2022-04-27 11:46:36,240 Not Found: /favicon.ico
WARNING 2022-04-27 11:46:36,241 "GET /favicon.ico HTTP/1.1" 404 6202
INFO 2022-04-27 11:46:53,452 "POST /accounts/login/ HTTP/1.1" 302 0
INFO 2022-04-27 11:46:53,518 "GET / HTTP/1.1" 200 9436
INFO 2022-04-27 11:46:53,536 "GET /static/plugins/Datatables/datatables.min.css HTTP/1.1" 304 0
INFO 2022-04-27 11:46:53,549 "GET /static/plugins/Datatables/datatables.min.js HTTP/1.1" 304 0
INFO 2022-04-27 11:46:53,639 "GET /static/plugins/fontawesome-free/webfonts/fa-regular-400.woff2 HTTP/1.1" 304 0
INFO 2022-04-27 11:47:27,856 "GET /result/view/all HTTP/1.1" 200 10769
INFO 2022-04-27 11:47:42,969 "GET /student/list HTTP/1.1" 200 9952
INFO 2022-04-27 11:48:15,005 "GET / HTTP/1.1" 200 9436
INFO 2022-04-27 11:54:47,226 "GET / HTTP/1.1" 200 9436
INFO 2022-04-27 11:54:51,555 "GET /result/view/all HTTP/1.1" 200 10769
INFO 2022-04-27 11:54:53,839 "GET /result/create/ HTTP/1.1" 200 11096
INFO 2022-04-27 11:55:18,436 "POST /result/create/ HTTP/1.1" 200 11475
INFO 2022-04-27 11:55:28,460 "POST /result/create/ HTTP/1.1" 302 0
INFO 2022-04-27 11:55:28,686 "GET /result/edit-results/ HTTP/1.1" 200 16653
INFO 2022-04-27 11:55:41,549 "POST /result/edit-results/ HTTP/1.1" 302 0
INFO 2022-04-27 11:55:41,685 "GET /result/edit-results/ HTTP/1.1" 200 13561
INFO 2022-04-27 11:55:45,844 "POST /result/edit-results/ HTTP/1.1" 302 0
INFO 2022-04-27 11:55:45,986 "GET /result/edit-results/ HTTP/1.1" 200 13561
INFO 2022-04-27 11:55:49,760 "GET /result/view/all HTTP/1.1" 200 10769
INFO 2022-04-27 11:56:01,575 "GET /student/list HTTP/1.1" 200 9952
INFO 2022-04-27 11:56:07,510 "GET /student/upload/ HTTP/1.1" 200 10007
INFO 2022-04-27 11:56:47,196 "GET /finance/list/ HTTP/1.1" 200 9931
INFO 2022-04-27 12:03:20,890 "GET / HTTP/1.1" 200 9436
INFO 2022-04-27 12:09:57,748 C:\Users\MOHAMMED SALMAN\Django-School-Management-System\Django-School-Management-System\school_app\urls.py changed, reloading.
INFO 2022-04-27 12:09:58,620 Watching for file changes with StatReloader
INFO 2022-04-27 12:10:43,707 C:\Users\MOHAMMED SALMAN\Django-School-Management-System\Django-School-Management-System\school_app\settings.py changed, reloading.
INFO 2022-04-27 12:10:44,456 Watching for file changes with StatReloader
INFO 2022-04-27 12:11:10,482 C:\Users\MOHAMMED SALMAN\Django-School-Management-System\Django-School-Management-System\school_app\settings.py changed, reloading.
INFO 2022-04-27 12:11:11,115 Watching for file changes with StatReloader
INFO 2022-04-27 12:14:51,438 Watching for file changes with StatReloader
INFO 2022-04-27 12:22:58,727 Watching for file changes with StatReloader
INFO 2022-04-27 12:23:37,584 Watching for file changes with StatReloader
INFO 2022-04-27 12:24:19,827 Watching for file changes with StatReloader
INFO 2022-04-27 12:27:29,256 Watching for file changes with StatReloader
INFO 2022-04-27 12:27:56,558 Watching for file changes with StatReloader
INFO 2022-04-27 12:28:20,525 C:\Users\MOHAMMED SALMAN\Django-School-Management-System\Django-School-Management-System\school_app\settings.py changed, reloading.
INFO 2022-04-27 12:28:21,322 Watching for file changes with StatReloader
INFO 2022-04-27 12:28:26,644 C:\Users\MOHAMMED SALMAN\Django-School-Management-System\Django-School-Management-System\apps\students\views.py changed, reloading.
INFO 2022-04-27 12:28:33,083 Watching for file changes with StatReloader
INFO 2022-04-27 12:29:49,124 C:\Users\MOHAMMED SALMAN\Django-School-Management-System\Django-School-Management-System\apps\students\urls.py changed, reloading.
INFO 2022-04-27 12:29:49,949 Watching for file changes with StatReloader
INFO 2022-04-27 12:30:39,141 C:\Users\MOHAMMED SALMAN\Django-School-Management-System\Django-School-Management-System\apps\students\urls.py changed, reloading.
INFO 2022-04-27 12:30:39,898 Watching for file changes with StatReloader
INFO 2022-04-27 12:30:52,488 C:\Users\MOHAMMED SALMAN\Django-School-Management-System\Django-School-Management-System\apps\students\urls.py changed, reloading.
INFO 2022-04-27 12:30:53,224 Watching for file changes with StatReloader
INFO 2022-04-27 12:31:40,367 "GET / HTTP/1.1" 200 9452
ERROR 2022-04-27 12:31:43,832 Internal Server Error: /student/profile/
Traceback (most recent call last):
  File "C:\Users\MOHAMMED SALMAN\Django-School-Management-System\student_management_env\lib\site-packages\django\core\handlers\exception.py", line 55, in inner
    response = get_response(request)
  File "C:\Users\MOHAMMED SALMAN\Django-School-Management-System\student_management_env\lib\site-packages\django\core\handlers\base.py", line 197, in _get_response
    response = wrapped_callback(request, *callback_args, **callback_kwargs)
  File "C:\Users\MOHAMMED SALMAN\Django-School-Management-System\Django-School-Management-System\apps\students\views.py", line 98, in profile
    return render(request, 'student/profile.html',)
NameError: name 'render' is not defined
ERROR 2022-04-27 12:31:43,834 "GET /student/profile/ HTTP/1.1" 500 66375
INFO 2022-04-27 12:32:06,146 C:\Users\MOHAMMED SALMAN\Django-School-Management-System\Django-School-Management-System\apps\students\views.py changed, reloading.
INFO 2022-04-27 12:32:06,945 Watching for file changes with StatReloader
ERROR 2022-04-27 12:32:09,260 Internal Server Error: /student/profile/
Traceback (most recent call last):
  File "C:\Users\MOHAMMED SALMAN\Django-School-Management-System\student_management_env\lib\site-packages\django\core\handlers\exception.py", line 55, in inner
    response = get_response(request)
  File "C:\Users\MOHAMMED SALMAN\Django-School-Management-System\student_management_env\lib\site-packages\django\core\handlers\base.py", line 197, in _get_response
    response = wrapped_callback(request, *callback_args, **callback_kwargs)
  File "C:\Users\MOHAMMED SALMAN\Django-School-Management-System\Django-School-Management-System\apps\students\views.py", line 98, in profile
    return render(request, 'student/student_profile.html',)
NameError: name 'render' is not defined
ERROR 2022-04-27 12:32:09,261 "GET /student/profile/ HTTP/1.1" 500 66528
ERROR 2022-04-27 12:32:13,742 Internal Server Error: /student/profile/
Traceback (most recent call last):
  File "C:\Users\MOHAMMED SALMAN\Django-School-Management-System\student_management_env\lib\site-packages\django\core\handlers\exception.py", line 55, in inner
    response = get_response(request)
  File "C:\Users\MOHAMMED SALMAN\Django-School-Management-System\student_management_env\lib\site-packages\django\core\handlers\base.py", line 197, in _get_response
    response = wrapped_callback(request, *callback_args, **callback_kwargs)
  File "C:\Users\MOHAMMED SALMAN\Django-School-Management-System\Django-School-Management-System\apps\students\views.py", line 98, in profile
    return render(request, 'student/student_profile.html',)
NameError: name 'render' is not defined
ERROR 2022-04-27 12:32:13,743 "GET /student/profile/ HTTP/1.1" 500 66391
INFO 2022-04-27 12:32:25,085 C:\Users\MOHAMMED SALMAN\Django-School-Management-System\Django-School-Management-System\apps\students\views.py changed, reloading.
INFO 2022-04-27 12:32:25,946 Watching for file changes with StatReloader
INFO 2022-04-27 12:32:48,915 C:\Users\MOHAMMED SALMAN\Django-School-Management-System\Django-School-Management-System\apps\students\views.py changed, reloading.
INFO 2022-04-27 12:32:49,665 Watching for file changes with StatReloader
ERROR 2022-04-27 12:33:15,963 Internal Server Error: /student/profile/
Traceback (most recent call last):
  File "C:\Users\MOHAMMED SALMAN\Django-School-Management-System\student_management_env\lib\site-packages\django\core\handlers\exception.py", line 55, in inner
    response = get_response(request)
  File "C:\Users\MOHAMMED SALMAN\Django-School-Management-System\student_management_env\lib\site-packages\django\core\handlers\base.py", line 197, in _get_response
    response = wrapped_callback(request, *callback_args, **callback_kwargs)
  File "C:\Users\MOHAMMED SALMAN\Django-School-Management-System\Django-School-Management-System\apps\students\views.py", line 98, in profile
    return render(request, 'student/student_profile.html',)
NameError: name 'render' is not defined
ERROR 2022-04-27 12:33:15,965 "GET /student/profile/ HTTP/1.1" 500 66397
INFO 2022-04-27 12:33:17,587 C:\Users\MOHAMMED SALMAN\Django-School-Management-System\Django-School-Management-System\apps\students\views.py changed, reloading.
INFO 2022-04-27 12:33:18,416 Watching for file changes with StatReloader
ERROR 2022-04-27 12:33:24,633 Internal Server Error: /student/profile/
Traceback (most recent call last):
  File "C:\Users\MOHAMMED SALMAN\Django-School-Management-System\student_management_env\lib\site-packages\django\core\handlers\exception.py", line 55, in inner
    response = get_response(request)
  File "C:\Users\MOHAMMED SALMAN\Django-School-Management-System\student_management_env\lib\site-packages\django\core\handlers\base.py", line 197, in _get_response
    response = wrapped_callback(request, *callback_args, **callback_kwargs)
  File "C:\Users\MOHAMMED SALMAN\Django-School-Management-System\Django-School-Management-System\apps\students\views.py", line 98, in profile
    return render(request, 'student/student_profile.html',)
  File "C:\Users\MOHAMMED SALMAN\Django-School-Management-System\student_management_env\lib\site-packages\django\shortcuts.py", line 24, in render
    content = loader.render_to_string(template_name, context, request, using=using)
  File "C:\Users\MOHAMMED SALMAN\Django-School-Management-System\student_management_env\lib\site-packages\django\template\loader.py", line 61, in render_to_string
    template = get_template(template_name, using=using)
  File "C:\Users\MOHAMMED SALMAN\Django-School-Management-System\student_management_env\lib\site-packages\django\template\loader.py", line 19, in get_template
    raise TemplateDoesNotExist(template_name, chain=chain)
django.template.exceptions.TemplateDoesNotExist: student/student_profile.html
ERROR 2022-04-27 12:33:24,634 "GET /student/profile/ HTTP/1.1" 500 83679
ERROR 2022-04-27 12:33:28,735 Internal Server Error: /student/profile/
Traceback (most recent call last):
  File "C:\Users\MOHAMMED SALMAN\Django-School-Management-System\student_management_env\lib\site-packages\django\core\handlers\exception.py", line 55, in inner
    response = get_response(request)
  File "C:\Users\MOHAMMED SALMAN\Django-School-Management-System\student_management_env\lib\site-packages\django\core\handlers\base.py", line 197, in _get_response
    response = wrapped_callback(request, *callback_args, **callback_kwargs)
  File "C:\Users\MOHAMMED SALMAN\Django-School-Management-System\Django-School-Management-System\apps\students\views.py", line 98, in profile
    return render(request, 'student/student_profile.html',)
  File "C:\Users\MOHAMMED SALMAN\Django-School-Management-System\student_management_env\lib\site-packages\django\shortcuts.py", line 24, in render
    content = loader.render_to_string(template_name, context, request, using=using)
  File "C:\Users\MOHAMMED SALMAN\Django-School-Management-System\student_management_env\lib\site-packages\django\template\loader.py", line 61, in render_to_string
    template = get_template(template_name, using=using)
  File "C:\Users\MOHAMMED SALMAN\Django-School-Management-System\student_management_env\lib\site-packages\django\template\loader.py", line 19, in get_template
    raise TemplateDoesNotExist(template_name, chain=chain)
django.template.exceptions.TemplateDoesNotExist: student/student_profile.html
ERROR 2022-04-27 12:33:28,736 "GET /student/profile/ HTTP/1.1" 500 83542
INFO 2022-04-27 12:33:39,441 C:\Users\MOHAMMED SALMAN\Django-School-Management-System\Django-School-Management-System\apps\students\views.py changed, reloading.
INFO 2022-04-27 12:33:40,076 Watching for file changes with StatReloader
ERROR 2022-04-27 12:33:44,649 Internal Server Error: /student/profile/
Traceback (most recent call last):
  File "C:\Users\MOHAMMED SALMAN\Django-School-Management-System\student_management_env\lib\site-packages\django\template\defaulttags.py", line 1027, in find_library
    return parser.libraries[name]
KeyError: 'crispy_forms_tags'

During handling of the above exception, another exception occurred:

Traceback (most recent call last):
  File "C:\Users\MOHAMMED SALMAN\Django-School-Management-System\student_management_env\lib\site-packages\django\core\handlers\exception.py", line 55, in inner
    response = get_response(request)
  File "C:\Users\MOHAMMED SALMAN\Django-School-Management-System\student_management_env\lib\site-packages\django\core\handlers\base.py", line 197, in _get_response
    response = wrapped_callback(request, *callback_args, **callback_kwargs)
  File "C:\Users\MOHAMMED SALMAN\Django-School-Management-System\Django-School-Management-System\apps\students\views.py", line 98, in profile
    return render(request, 'students/student_profile.html',)
  File "C:\Users\MOHAMMED SALMAN\Django-School-Management-System\student_management_env\lib\site-packages\django\shortcuts.py", line 24, in render
    content = loader.render_to_string(template_name, context, request, using=using)
  File "C:\Users\MOHAMMED SALMAN\Django-School-Management-System\student_management_env\lib\site-packages\django\template\loader.py", line 61, in render_to_string
    template = get_template(template_name, using=using)
  File "C:\Users\MOHAMMED SALMAN\Django-School-Management-System\student_management_env\lib\site-packages\django\template\loader.py", line 15, in get_template
    return engine.get_template(template_name)
  File "C:\Users\MOHAMMED SALMAN\Django-School-Management-System\student_management_env\lib\site-packages\django\template\backends\django.py", line 34, in get_template
    return Template(self.engine.get_template(template_name), self)
  File "C:\Users\MOHAMMED SALMAN\Django-School-Management-System\student_management_env\lib\site-packages\django\template\engine.py", line 176, in get_template
    template, origin = self.find_template(template_name)
  File "C:\Users\MOHAMMED SALMAN\Django-School-Management-System\student_management_env\lib\site-packages\django\template\engine.py", line 158, in find_template
    template = loader.get_template(name, skip=skip)
  File "C:\Users\MOHAMMED SALMAN\Django-School-Management-System\student_management_env\lib\site-packages\django\template\loaders\base.py", line 28, in get_template
    return Template(
  File "C:\Users\MOHAMMED SALMAN\Django-School-Management-System\student_management_env\lib\site-packages\django\template\base.py", line 154, in __init__
    self.nodelist = self.compile_nodelist()
  File "C:\Users\MOHAMMED SALMAN\Django-School-Management-System\student_management_env\lib\site-packages\django\template\base.py", line 200, in compile_nodelist
    return parser.parse()
  File "C:\Users\MOHAMMED SALMAN\Django-School-Management-System\student_management_env\lib\site-packages\django\template\base.py", line 513, in parse
    raise self.error(token, e)
  File "C:\Users\MOHAMMED SALMAN\Django-School-Management-System\student_management_env\lib\site-packages\django\template\base.py", line 511, in parse
    compiled_result = compile_func(self, token)
  File "C:\Users\MOHAMMED SALMAN\Django-School-Management-System\student_management_env\lib\site-packages\django\template\loader_tags.py", line 293, in do_extends
    nodelist = parser.parse()
  File "C:\Users\MOHAMMED SALMAN\Django-School-Management-System\student_management_env\lib\site-packages\django\template\base.py", line 513, in parse
    raise self.error(token, e)
  File "C:\Users\MOHAMMED SALMAN\Django-School-Management-System\student_management_env\lib\site-packages\django\template\base.py", line 511, in parse
    compiled_result = compile_func(self, token)
  File "C:\Users\MOHAMMED SALMAN\Django-School-Management-System\student_management_env\lib\site-packages\django\template\defaulttags.py", line 1089, in load
    lib = find_library(parser, name)
  File "C:\Users\MOHAMMED SALMAN\Django-School-Management-System\student_management_env\lib\site-packages\django\template\defaulttags.py", line 1029, in find_library
    raise TemplateSyntaxError(
django.template.exceptions.TemplateSyntaxError: 'crispy_forms_tags' is not a registered tag library. Must be one of:
cache
humanize
i18n
l10n
static
tz
widget_tweaks
ERROR 2022-04-27 12:33:44,651 "GET /student/profile/ HTTP/1.1" 500 162469
INFO 2022-04-27 12:34:14,476 C:\Users\MOHAMMED SALMAN\Django-School-Management-System\Django-School-Management-System\school_app\settings.py changed, reloading.
INFO 2022-04-27 12:34:15,119 Watching for file changes with StatReloader
INFO 2022-04-27 12:34:32,976 Watching for file changes with StatReloader
INFO 2022-04-27 12:35:24,114 Watching for file changes with StatReloader
INFO 2022-04-27 12:35:30,423 "GET /student/profile/ HTTP/1.1" 200 10357
INFO 2022-04-27 12:36:06,231 "GET /student/profile/ HTTP/1.1" 200 10260
WARNING 2022-04-27 12:36:23,891 Not Found: /AD
WARNING 2022-04-27 12:36:23,891 "GET /AD HTTP/1.1" 404 6175
WARNING 2022-04-27 12:36:28,682 Not Found: /admin/
WARNING 2022-04-27 12:36:28,683 "GET /admin/ HTTP/1.1" 404 6187
WARNING 2022-04-27 12:36:34,685 Not Found: /admin/
WARNING 2022-04-27 12:36:34,686 "GET /admin/ HTTP/1.1" 404 6187
INFO 2022-04-27 12:39:33,993 C:\Users\MOHAMMED SALMAN\Django-School-Management-System\Django-School-Management-System\school_app\settings.py changed, reloading.
INFO 2022-04-27 12:39:34,948 Watching for file changes with StatReloader
INFO 2022-04-27 12:39:51,069 C:\Users\MOHAMMED SALMAN\Django-School-Management-System\Django-School-Management-System\school_app\urls.py changed, reloading.
INFO 2022-04-27 12:39:51,905 Watching for file changes with StatReloader
INFO 2022-04-27 12:40:03,785 C:\Users\MOHAMMED SALMAN\Django-School-Management-System\Django-School-Management-System\school_app\urls.py changed, reloading.
INFO 2022-04-27 12:40:04,620 Watching for file changes with StatReloader
ERROR 2022-04-27 12:40:07,672 Internal Server Error: /admin/
Traceback (most recent call last):
  File "C:\Users\MOHAMMED SALMAN\Django-School-Management-System\student_management_env\lib\site-packages\django\db\backends\utils.py", line 89, in _execute
    return self.cursor.execute(sql, params)
  File "C:\Users\MOHAMMED SALMAN\Django-School-Management-System\student_management_env\lib\site-packages\django\db\backends\sqlite3\base.py", line 477, in execute
    return Database.Cursor.execute(self, query, params)
sqlite3.OperationalError: no such table: django_admin_log

The above exception was the direct cause of the following exception:

Traceback (most recent call last):
  File "C:\Users\MOHAMMED SALMAN\Django-School-Management-System\student_management_env\lib\site-packages\django\core\handlers\exception.py", line 55, in inner
    response = get_response(request)
  File "C:\Users\MOHAMMED SALMAN\Django-School-Management-System\student_management_env\lib\site-packages\django\core\handlers\base.py", line 220, in _get_response
    response = response.render()
  File "C:\Users\MOHAMMED SALMAN\Django-School-Management-System\student_management_env\lib\site-packages\django\template\response.py", line 114, in render
    self.content = self.rendered_content
  File "C:\Users\MOHAMMED SALMAN\Django-School-Management-System\student_management_env\lib\site-packages\django\template\response.py", line 92, in rendered_content
    return template.render(context, self._request)
  File "C:\Users\MOHAMMED SALMAN\Django-School-Management-System\student_management_env\lib\site-packages\django\template\backends\django.py", line 62, in render
    return self.template.render(context)
  File "C:\Users\MOHAMMED SALMAN\Django-School-Management-System\student_management_env\lib\site-packages\django\template\base.py", line 175, in render
    return self._render(context)
  File "C:\Users\MOHAMMED SALMAN\Django-School-Management-System\student_management_env\lib\site-packages\django\template\base.py", line 167, in _render
    return self.nodelist.render(context)
  File "C:\Users\MOHAMMED SALMAN\Django-School-Management-System\student_management_env\lib\site-packages\django\template\base.py", line 1000, in render
    return SafeString("".join([node.render_annotated(context) for node in self]))
  File "C:\Users\MOHAMMED SALMAN\Django-School-Management-System\student_management_env\lib\site-packages\django\template\base.py", line 1000, in <listcomp>
    return SafeString("".join([node.render_annotated(context) for node in self]))
  File "C:\Users\MOHAMMED SALMAN\Django-School-Management-System\student_management_env\lib\site-packages\django\template\base.py", line 958, in render_annotated
    return self.render(context)
  File "C:\Users\MOHAMMED SALMAN\Django-School-Management-System\student_management_env\lib\site-packages\django\template\loader_tags.py", line 157, in render
    return compiled_parent._render(context)
  File "C:\Users\MOHAMMED SALMAN\Django-School-Management-System\student_management_env\lib\site-packages\django\template\base.py", line 167, in _render
    return self.nodelist.render(context)
  File "C:\Users\MOHAMMED SALMAN\Django-School-Management-System\student_management_env\lib\site-packages\django\template\base.py", line 1000, in render
    return SafeString("".join([node.render_annotated(context) for node in self]))
  File "C:\Users\MOHAMMED SALMAN\Django-School-Management-System\student_management_env\lib\site-packages\django\template\base.py", line 1000, in <listcomp>
    return SafeString("".join([node.render_annotated(context) for node in self]))
  File "C:\Users\MOHAMMED SALMAN\Django-School-Management-System\student_management_env\lib\site-packages\django\template\base.py", line 958, in render_annotated
    return self.render(context)
  File "C:\Users\MOHAMMED SALMAN\Django-School-Management-System\student_management_env\lib\site-packages\django\template\loader_tags.py", line 157, in render
    return compiled_parent._render(context)
  File "C:\Users\MOHAMMED SALMAN\Django-School-Management-System\student_management_env\lib\site-packages\django\template\base.py", line 167, in _render
    return self.nodelist.render(context)
  File "C:\Users\MOHAMMED SALMAN\Django-School-Management-System\student_management_env\lib\site-packages\django\template\base.py", line 1000, in render
    return SafeString("".join([node.render_annotated(context) for node in self]))
  File "C:\Users\MOHAMMED SALMAN\Django-School-Management-System\student_management_env\lib\site-packages\django\template\base.py", line 1000, in <listcomp>
    return SafeString("".join([node.render_annotated(context) for node in self]))
  File "C:\Users\MOHAMMED SALMAN\Django-School-Management-System\student_management_env\lib\site-packages\django\template\base.py", line 958, in render_annotated
    return self.render(context)
  File "C:\Users\MOHAMMED SALMAN\Django-School-Management-System\student_management_env\lib\site-packages\django\template\loader_tags.py", line 63, in render
    result = block.nodelist.render(context)
  File "C:\Users\MOHAMMED SALMAN\Django-School-Management-System\student_management_env\lib\site-packages\django\template\base.py", line 1000, in render
    return SafeString("".join([node.render_annotated(context) for node in self]))
  File "C:\Users\MOHAMMED SALMAN\Django-School-Management-System\student_management_env\lib\site-packages\django\template\base.py", line 1000, in <listcomp>
    return SafeString("".join([node.render_annotated(context) for node in self]))
  File "C:\Users\MOHAMMED SALMAN\Django-School-Management-System\student_management_env\lib\site-packages\django\template\base.py", line 958, in render_annotated
    return self.render(context)
  File "C:\Users\MOHAMMED SALMAN\Django-School-Management-System\student_management_env\lib\site-packages\django\template\defaulttags.py", line 322, in render
    return nodelist.render(context)
  File "C:\Users\MOHAMMED SALMAN\Django-School-Management-System\student_management_env\lib\site-packages\django\template\base.py", line 1000, in render
    return SafeString("".join([node.render_annotated(context) for node in self]))
  File "C:\Users\MOHAMMED SALMAN\Django-School-Management-System\student_management_env\lib\site-packages\django\template\base.py", line 1000, in <listcomp>
    return SafeString("".join([node.render_annotated(context) for node in self]))
  File "C:\Users\MOHAMMED SALMAN\Django-School-Management-System\student_management_env\lib\site-packages\django\template\base.py", line 958, in render_annotated
    return self.render(context)
  File "C:\Users\MOHAMMED SALMAN\Django-School-Management-System\student_management_env\lib\site-packages\django\template\defaulttags.py", line 194, in render
    len_values = len(values)
  File "C:\Users\MOHAMMED SALMAN\Django-School-Management-System\student_management_env\lib\site-packages\django\db\models\query.py", line 302, in __len__
    self._fetch_all()
  File "C:\Users\MOHAMMED SALMAN\Django-School-Management-System\student_management_env\lib\site-packages\django\db\models\query.py", line 1507, in _fetch_all
    self._result_cache = list(self._iterable_class(self))
  File "C:\Users\MOHAMMED SALMAN\Django-School-Management-System\student_management_env\lib\site-packages\django\db\models\query.py", line 57, in __iter__
    results = compiler.execute_sql(
  File "C:\Users\MOHAMMED SALMAN\Django-School-Management-System\student_management_env\lib\site-packages\django\db\models\sql\compiler.py", line 1361, in execute_sql
    cursor.execute(sql, params)
  File "C:\Users\MOHAMMED SALMAN\Django-School-Management-System\student_management_env\lib\site-packages\django\db\backends\utils.py", line 103, in execute
    return super().execute(sql, params)
  File "C:\Users\MOHAMMED SALMAN\Django-School-Management-System\student_management_env\lib\site-packages\django\db\backends\utils.py", line 67, in execute
    return self._execute_with_wrappers(
  File "C:\Users\MOHAMMED SALMAN\Django-School-Management-System\student_management_env\lib\site-packages\django\db\backends\utils.py", line 80, in _execute_with_wrappers
    return executor(sql, params, many, context)
  File "C:\Users\MOHAMMED SALMAN\Django-School-Management-System\student_management_env\lib\site-packages\django\db\backends\utils.py", line 84, in _execute
    with self.db.wrap_database_errors:
  File "C:\Users\MOHAMMED SALMAN\Django-School-Management-System\student_management_env\lib\site-packages\django\db\utils.py", line 91, in __exit__
    raise dj_exc_value.with_traceback(traceback) from exc_value
  File "C:\Users\MOHAMMED SALMAN\Django-School-Management-System\student_management_env\lib\site-packages\django\db\backends\utils.py", line 89, in _execute
    return self.cursor.execute(sql, params)
  File "C:\Users\MOHAMMED SALMAN\Django-School-Management-System\student_management_env\lib\site-packages\django\db\backends\sqlite3\base.py", line 477, in execute
    return Database.Cursor.execute(self, query, params)
django.db.utils.OperationalError: no such table: django_admin_log
ERROR 2022-04-27 12:40:07,676 "GET /admin/ HTTP/1.1" 500 347810
INFO 2022-04-27 12:42:02,928 Watching for file changes with StatReloader
INFO 2022-04-27 12:42:06,940 "GET /admin/ HTTP/1.1" 200 3327
INFO 2022-04-27 12:42:07,059 "GET /static/admin/css/dashboard.css HTTP/1.1" 200 380
INFO 2022-04-27 12:42:07,059 "GET /static/admin/css/base.css HTTP/1.1" 200 19513
INFO 2022-04-27 12:42:07,062 "GET /static/admin/css/responsive.css HTTP/1.1" 200 18575
INFO 2022-04-27 12:42:07,063 "GET /static/admin/css/nav_sidebar.css HTTP/1.1" 200 2616
INFO 2022-04-27 12:42:07,067 "GET /static/admin/css/fonts.css HTTP/1.1" 304 0
INFO 2022-04-27 12:42:07,071 "GET /static/admin/js/nav_sidebar.js HTTP/1.1" 200 3401
INFO 2022-04-27 12:42:07,080 "GET /static/admin/img/icon-addlink.svg HTTP/1.1" 200 331
INFO 2022-04-27 12:42:07,081 "GET /static/admin/img/icon-changelink.svg HTTP/1.1" 200 380
INFO 2022-04-27 12:42:07,124 "GET /static/admin/fonts/Roboto-Bold-webfont.woff HTTP/1.1" 304 0
INFO 2022-04-27 12:42:07,125 "GET /static/admin/fonts/Roboto-Light-webfont.woff HTTP/1.1" 304 0
INFO 2022-04-27 12:42:07,125 "GET /static/admin/fonts/Roboto-Regular-webfont.woff HTTP/1.1" 304 0
INFO 2022-04-27 12:42:12,751 "GET /admin/auth/user/ HTTP/1.1" 200 7982
INFO 2022-04-27 12:42:12,785 "GET /static/admin/css/changelists.css HTTP/1.1" 200 6932
INFO 2022-04-27 12:42:12,788 "GET /static/admin/js/jquery.init.js HTTP/1.1" 200 347
INFO 2022-04-27 12:42:12,792 "GET /static/admin/js/actions.js HTTP/1.1" 200 7872
INFO 2022-04-27 12:42:12,793 "GET /static/admin/js/admin/RelatedObjectLookups.js HTTP/1.1" 200 5984
INFO 2022-04-27 12:42:12,793 "GET /static/admin/js/core.js HTTP/1.1" 200 5698
INFO 2022-04-27 12:42:12,800 "GET /static/admin/js/urlify.js HTTP/1.1" 200 7902
INFO 2022-04-27 12:42:12,811 "GET /static/admin/js/prepopulate.js HTTP/1.1" 200 1531
INFO 2022-04-27 12:42:12,820 "GET /admin/jsi18n/ HTTP/1.1" 200 3343
INFO 2022-04-27 12:42:12,845 "GET /static/admin/js/vendor/jquery/jquery.js HTTP/1.1" 200 288580
INFO 2022-04-27 12:42:12,857 "GET /static/admin/js/vendor/xregexp/xregexp.js HTTP/1.1" 200 232381
INFO 2022-04-27 12:42:12,859 "GET /static/admin/img/search.svg HTTP/1.1" 200 458
INFO 2022-04-27 12:42:12,871 "GET /static/admin/img/icon-yes.svg HTTP/1.1" 200 436
INFO 2022-04-27 12:42:12,887 "GET /static/admin/img/sorting-icons.svg HTTP/1.1" 200 1097
INFO 2022-04-27 12:42:12,887 "GET /static/admin/img/tooltag-add.svg HTTP/1.1" 200 331
INFO 2022-04-27 12:42:17,587 "GET /admin/ HTTP/1.1" 200 3327
INFO 2022-04-27 12:42:18,580 "GET /admin/auth/group/ HTTP/1.1" 200 4889
INFO 2022-04-27 12:42:18,619 "GET /admin/jsi18n/ HTTP/1.1" 200 3343
INFO 2022-04-27 12:42:20,862 "GET /admin/ HTTP/1.1" 200 3327
INFO 2022-04-27 12:43:39,301 C:\Users\MOHAMMED SALMAN\Django-School-Management-System\Django-School-Management-System\apps\students\admin.py changed, reloading.
INFO 2022-04-27 12:43:40,142 Watching for file changes with StatReloader
INFO 2022-04-27 12:44:14,622 C:\Users\MOHAMMED SALMAN\Django-School-Management-System\Django-School-Management-System\apps\students\admin.py changed, reloading.
INFO 2022-04-27 12:44:15,365 Watching for file changes with StatReloader
INFO 2022-04-27 12:44:28,487 Watching for file changes with StatReloader
INFO 2022-04-27 12:44:31,274 "GET /admin/ HTTP/1.1" 200 4477
INFO 2022-04-27 12:44:34,397 "GET /admin/students/student/ HTTP/1.1" 200 7283
INFO 2022-04-27 12:44:34,434 "GET /admin/jsi18n/ HTTP/1.1" 200 3343
INFO 2022-04-27 12:44:36,340 "GET /admin/ HTTP/1.1" 200 4477
INFO 2022-04-27 12:45:00,380 C:\Users\MOHAMMED SALMAN\Django-School-Management-System\Django-School-Management-System\apps\staffs\admin.py changed, reloading.
INFO 2022-04-27 12:45:01,209 Watching for file changes with StatReloader
INFO 2022-04-27 12:45:40,910 C:\Users\MOHAMMED SALMAN\Django-School-Management-System\Django-School-Management-System\apps\staffs\admin.py changed, reloading.
INFO 2022-04-27 12:45:41,737 Watching for file changes with StatReloader
INFO 2022-04-27 12:45:43,319 "GET /admin/ HTTP/1.1" 200 5120
INFO 2022-04-27 12:46:36,087 C:\Users\MOHAMMED SALMAN\Django-School-Management-System\Django-School-Management-System\apps\result\admin.py changed, reloading.
INFO 2022-04-27 12:46:36,917 Watching for file changes with StatReloader
INFO 2022-04-27 12:46:38,366 "GET /admin/ HTTP/1.1" 200 5768
INFO 2022-04-27 12:47:37,057 "GET /admin/result/result/ HTTP/1.1" 200 8700
INFO 2022-04-27 12:47:37,099 "GET /admin/jsi18n/ HTTP/1.1" 200 3343
INFO 2022-04-27 12:47:38,693 "GET /admin/ HTTP/1.1" 200 5768
INFO 2022-04-27 12:47:40,721 "GET /admin/students/studentbulkupload/ HTTP/1.1" 200 6556
INFO 2022-04-27 12:47:40,756 "GET /admin/jsi18n/ HTTP/1.1" 200 3343
INFO 2022-04-27 12:47:42,449 "GET /admin/ HTTP/1.1" 200 5768
INFO 2022-04-27 12:47:48,814 "GET /student/list HTTP/1.1" 200 9968
INFO 2022-04-27 12:47:58,653 "GET /student/list HTTP/1.1" 200 9968
WARNING 2022-04-27 12:48:17,300 "GET /static/plugins/Datatables/pdfmake.min.js.map HTTP/1.1" 404 1870
INFO 2022-04-27 12:48:17,372 "GET /static/dist/js/adminlte.js.map HTTP/1.1" 200 113276
INFO 2022-04-27 12:48:17,378 "GET /static/plugins/toastr/toastr.js.map HTTP/1.1" 200 25633
INFO 2022-04-27 12:48:17,388 "GET /static/plugins/bootstrap/js/bootstrap.bundle.min.js.map HTTP/1.1" 200 318045
INFO 2022-04-27 12:48:17,439 "GET /static/dist/css/adminlte.min.css.map HTTP/1.1" 200 2149167
INFO 2022-04-27 12:49:44,096 "GET /result/create/ HTTP/1.1" 200 11112
INFO 2022-04-27 12:49:45,968 "GET /result/edit-results/ HTTP/1.1" 200 13434
INFO 2022-04-27 12:49:46,671 "GET /result/view/all HTTP/1.1" 200 10785
INFO 2022-04-27 12:49:48,189 "GET /student/list HTTP/1.1" 200 9968
INFO 2022-04-27 12:49:52,387 "GET /staff/list/ HTTP/1.1" 200 9914
INFO 2022-04-27 12:49:54,763 "GET /student/list HTTP/1.1" 200 9968
INFO 2022-04-27 12:49:55,884 "GET /student/create/ HTTP/1.1" 200 13667
INFO 2022-04-27 12:50:08,956 "POST /student/create/ HTTP/1.1" 200 13816
INFO 2022-04-27 12:50:13,598 "POST /student/create/ HTTP/1.1" 302 0
INFO 2022-04-27 12:50:13,630 "GET /student/5/ HTTP/1.1" 200 11288
INFO 2022-04-27 12:50:13,648 "GET /static/dist/img/avatar.png HTTP/1.1" 200 8543
INFO 2022-04-27 12:50:16,317 "GET /student/list HTTP/1.1" 200 9968
INFO 2022-04-27 12:50:18,584 "GET /staff/list/ HTTP/1.1" 200 9914
INFO 2022-04-27 12:50:20,945 "GET /result/create/ HTTP/1.1" 200 11297
INFO 2022-04-27 12:50:25,267 "GET /result/edit-results/ HTTP/1.1" 200 13434
INFO 2022-04-27 12:50:25,925 "GET /result/edit-results/ HTTP/1.1" 200 13434
INFO 2022-04-27 12:50:29,456 "GET /result/view/all HTTP/1.1" 200 10785
INFO 2022-04-27 12:50:33,299 "GET /student/list HTTP/1.1" 200 9968
INFO 2022-04-27 12:50:37,016 "GET /student/upload/ HTTP/1.1" 200 10023
INFO 2022-04-27 12:50:40,395 "GET /student/download-csv/ HTTP/1.1" 200 94
INFO 2022-04-27 12:50:50,143 "GET /student/list HTTP/1.1" 200 9968
INFO 2022-04-27 12:52:11,485 "GET /staff/list/ HTTP/1.1" 200 9914
INFO 2022-04-27 12:54:08,694 C:\Users\MOHAMMED SALMAN\Django-School-Management-System\Django-School-Management-System\apps\students\views.py changed, reloading.
INFO 2022-04-27 12:54:09,532 Watching for file changes with StatReloader
INFO 2022-04-27 12:54:14,442 "GET /student/list HTTP/1.1" 200 9968
INFO 2022-04-27 12:54:20,440 C:\Users\MOHAMMED SALMAN\Django-School-Management-System\Django-School-Management-System\apps\students\views.py changed, reloading.
INFO 2022-04-27 12:54:21,312 Watching for file changes with StatReloader
INFO 2022-04-27 12:55:13,463 C:\Users\MOHAMMED SALMAN\Django-School-Management-System\Django-School-Management-System\apps\students\views.py changed, reloading.
INFO 2022-04-27 12:55:14,305 Watching for file changes with StatReloader
INFO 2022-04-27 12:57:36,713 C:\Users\MOHAMMED SALMAN\Django-School-Management-System\Django-School-Management-System\apps\students\views.py changed, reloading.
INFO 2022-04-27 12:57:37,516 Watching for file changes with StatReloader
INFO 2022-04-27 12:57:56,148 "GET /student/list HTTP/1.1" 200 11382
INFO 2022-04-27 12:58:03,108 "GET /student/5/ HTTP/1.1" 200 11142
INFO 2022-04-27 12:58:06,153 "GET /student/5/update/ HTTP/1.1" 200 13709
INFO 2022-04-27 12:58:24,450 "GET /student/list HTTP/1.1" 200 11382
INFO 2022-04-27 12:58:25,438 "GET /staff/list/ HTTP/1.1" 200 9914
INFO 2022-04-27 12:58:27,352 "GET /result/create/ HTTP/1.1" 200 11297
INFO 2022-04-27 12:58:29,265 "GET /result/view/all HTTP/1.1" 200 10785
INFO 2022-04-27 12:58:31,905 "GET /student/list HTTP/1.1" 200 11382
INFO 2022-04-27 12:58:40,619 "GET /staff/list/ HTTP/1.1" 200 9914
INFO 2022-04-27 12:58:42,523 "GET /student/list HTTP/1.1" 200 11382
INFO 2022-04-27 12:58:44,100 "GET /student/4/ HTTP/1.1" 200 11165
INFO 2022-04-27 12:58:44,175 "GET /media/students/passports/s3.jpg HTTP/1.1" 304 0
INFO 2022-04-27 12:58:49,693 "GET /student/5/ HTTP/1.1" 200 11142
INFO 2022-04-27 12:58:53,891 "GET /student/2/ HTTP/1.1" 200 11132
INFO 2022-04-27 12:58:57,187 "GET /student/1/ HTTP/1.1" 200 11177
INFO 2022-04-27 12:58:57,329 "GET /media/students/passports/projectworlds.png HTTP/1.1" 200 13585
INFO 2022-04-27 12:59:15,475 "GET /student/4/ HTTP/1.1" 200 11165
INFO 2022-04-27 12:59:55,643 "GET /student/4/ HTTP/1.1" 200 11165
INFO 2022-04-27 12:59:58,897 "GET /student/5/ HTTP/1.1" 200 11142
INFO 2022-04-27 13:00:04,198 "GET /staff/list/ HTTP/1.1" 200 9914
INFO 2022-04-27 13:00:05,896 "GET /staff/1/ HTTP/1.1" 200 10704
INFO 2022-04-27 13:00:11,156 "GET /student/list HTTP/1.1" 200 11382
